##NODES-INTERNAL_ID ASSOCIATION
((((((dmel_1:5,(dsec_2:1,dsim_3:1)4:4)5:8,(dyak_6:10,dere_7:10)8:3)9:31,dana_10:44)11:11,(dpse_12:1,dper_13:1)14:54)15:7,dwil_16:62)17:1,((dmoj_18:31,dvir_19:31)20:12,dgri_21:43)22:20)23;
--------------------
INPUT
	Execution date: 2011-11-01 21:56:25
	Version: 1.35.00
	root_dist = 1
	sizefile = examples/miRNA.og.tsv
	treefile = examples/droso.12sp.tamura.nwk
	priorfile = 
	n_max_int = 10
	outlier = 1
	seed = 213231
	unobs = 1
	rmodel = GD
	ep = ML
	help = 0
	out = STDOUT
	anc = 1
	version = 0
	print_ids = 0
	bmodel= 
		4->2	2
		5->1	1
		9->5	1
		17->15	1
		23->22	2
		17->16	0
		4->3	2
		20->18	2
		15->14	2
		23->17	1
		9->8	2
		15->11	1
		11->10	2
		14->13	2
		8->6	2
		14->12	2
		22->21	2
		11->9	1
		5->4	2
		20->19	2
		22->20	2
		8->7	2
	start_val = 0
	family = 0
END INPUT
--------------------
OUTPUT

	##Family Turnover Rates
		#Likelihood: -748.906403547172
		#Branch_Group	Gain	Death	Loss(approx from death)
		0	0.0012324	0.0003985	0.0003985
		1	0.0027364	0.0000000	0.0000000
		2	0.0005815	0.0011940	0.0011954

	##Ancestral Family Size
		#Family	Ancestral Family Size Tree
		bantam	((((((dmel_1:5,(dsec_1:1,dsim_1:1)1:4)1:8,(dyak_1:10,dere_1:10)1:3)1:31,dana_1:44)1:11,(dpse_1:1,dper_1:1)1:54)1:7,dwil_1:62)1:1,((dmoj_1:31,dvir_1:31)1:12,dgri_1:43)1:20)1;
		let-7	((((((dmel_1:5,(dsec_1:1,dsim_1:1)1:4)1:8,(dyak_1:10,dere_1:10)1:3)1:31,dana_1:44)1:11,(dpse_1:1,dper_2:1)1:54)1:7,dwil_1:62)1:1,((dmoj_1:31,dvir_1:31)1:12,dgri_2:43)1:20)1;
		mir-1	((((((dmel_1:5,(dsec_1:1,dsim_1:1)1:4)1:8,(dyak_1:10,dere_1:10)1:3)1:31,dana_1:44)1:11,(dpse_1:1,dper_1:1)1:54)1:7,dwil_1:62)1:1,((dmoj_1:31,dvir_1:31)1:12,dgri_1:43)1:20)1;
		mir-10	((((((dmel_1:5,(dsec_1:1,dsim_1:1)1:4)1:8,(dyak_3:10,dere_1:10)1:3)1:31,dana_1:44)1:11,(dpse_1:1,dper_1:1)1:54)1:7,dwil_1:62)1:1,((dmoj_1:31,dvir_1:31)1:12,dgri_1:43)1:20)1;
		mir-100	((((((dmel_1:5,(dsec_1:1,dsim_1:1)1:4)1:8,(dyak_1:10,dere_1:10)1:3)1:31,dana_1:44)1:11,(dpse_1:1,dper_2:1)1:54)1:7,dwil_1:62)1:1,((dmoj_1:31,dvir_1:31)1:12,dgri_1:43)1:20)1;
		mir-1000	((((((dmel_1:5,(dsec_1:1,dsim_1:1)1:4)1:8,(dyak_1:10,dere_1:10)1:3)1:31,dana_1:44)1:11,(dpse_1:1,dper_1:1)1:54)1:7,dwil_1:62)1:1,((dmoj_1:31,dvir_1:31)1:12,dgri_1:43)1:20)1;
		mir-1001	((((((dmel_1:5,(dsec_1:1,dsim_1:1)1:4)1:8,(dyak_1:10,dere_1:10)1:3)1:31,dana_0:44)0:11,(dpse_0:1,dper_0:1)0:54)0:7,dwil_0:62)0:1,((dmoj_0:31,dvir_0:31)0:12,dgri_0:43)0:20)0;
		mir-1002	((((((dmel_1:5,(dsec_1:1,dsim_1:1)1:4)1:8,(dyak_1:10,dere_1:10)1:3)1:31,dana_0:44)0:11,(dpse_0:1,dper_0:1)0:54)0:7,dwil_0:62)0:1,((dmoj_0:31,dvir_0:31)0:12,dgri_0:43)0:20)0;
		mir-1003	((((((dmel_1:5,(dsec_1:1,dsim_1:1)1:4)1:8,(dyak_1:10,dere_1:10)1:3)1:31,dana_0:44)0:11,(dpse_0:1,dper_0:1)0:54)0:7,dwil_0:62)0:1,((dmoj_0:31,dvir_0:31)0:12,dgri_0:43)0:20)0;
		mir-1004	((((((dmel_1:5,(dsec_1:1,dsim_1:1)1:4)1:8,(dyak_1:10,dere_1:10)1:3)1:31,dana_0:44)0:11,(dpse_0:1,dper_0:1)0:54)0:7,dwil_0:62)0:1,((dmoj_0:31,dvir_0:31)0:12,dgri_0:43)0:20)0;
		mir-1005	((((((dmel_1:5,(dsec_1:1,dsim_1:1)1:4)1:8,(dyak_1:10,dere_1:10)1:3)1:31,dana_0:44)0:11,(dpse_0:1,dper_0:1)0:54)0:7,dwil_0:62)0:1,((dmoj_0:31,dvir_0:31)0:12,dgri_0:43)0:20)0;
		mir-1006	((((((dmel_1:5,(dsec_1:1,dsim_1:1)1:4)1:8,(dyak_1:10,dere_1:10)1:3)1:31,dana_1:44)1:11,(dpse_1:1,dper_1:1)1:54)1:7,dwil_1:62)1:1,((dmoj_1:31,dvir_1:31)1:12,dgri_1:43)1:20)1;
		mir-1007	((((((dmel_1:5,(dsec_1:1,dsim_1:1)1:4)1:8,(dyak_1:10,dere_1:10)1:3)1:31,dana_1:44)1:11,(dpse_0:1,dper_0:1)0:54)0:7,dwil_0:62)0:1,((dmoj_0:31,dvir_1:31)0:12,dgri_0:43)0:20)0;
		mir-1008	((((((dmel_1:5,(dsec_1:1,dsim_2:1)1:4)1:8,(dyak_1:10,dere_1:10)1:3)1:31,dana_0:44)0:11,(dpse_0:1,dper_0:1)0:54)0:7,dwil_0:62)0:1,((dmoj_0:31,dvir_0:31)0:12,dgri_0:43)0:20)0;
		mir-1009	((((((dmel_1:5,(dsec_1:1,dsim_1:1)1:4)1:8,(dyak_1:10,dere_1:10)1:3)1:31,dana_0:44)0:11,(dpse_0:1,dper_0:1)0:54)0:7,dwil_0:62)0:1,((dmoj_0:31,dvir_0:31)0:12,dgri_0:43)0:20)0;
		mir-1010	((((((dmel_1:5,(dsec_1:1,dsim_1:1)1:4)1:8,(dyak_1:10,dere_1:10)1:3)1:31,dana_1:44)1:11,(dpse_1:1,dper_1:1)1:54)1:7,dwil_1:62)1:1,((dmoj_1:31,dvir_1:31)1:12,dgri_1:43)1:20)1;
		mir-1011	((((((dmel_1:5,(dsec_1:1,dsim_1:1)1:4)1:8,(dyak_1:10,dere_1:10)1:3)1:31,dana_1:44)1:11,(dpse_0:1,dper_0:1)0:54)1:7,dwil_0:62)1:1,((dmoj_1:31,dvir_0:31)1:12,dgri_1:43)1:20)1;
		mir-1012	((((((dmel_1:5,(dsec_1:1,dsim_1:1)1:4)1:8,(dyak_1:10,dere_0:10)1:3)1:31,dana_0:44)0:11,(dpse_0:1,dper_0:1)0:54)0:7,dwil_0:62)0:1,((dmoj_0:31,dvir_0:31)0:12,dgri_0:43)0:20)0;
		mir-1013	((((((dmel_1:5,(dsec_1:1,dsim_1:1)1:4)1:8,(dyak_1:10,dere_1:10)1:3)1:31,dana_0:44)0:11,(dpse_0:1,dper_0:1)0:54)0:7,dwil_0:62)0:1,((dmoj_0:31,dvir_0:31)0:12,dgri_0:43)0:20)0;
		mir-1014	((((((dmel_1:5,(dsec_1:1,dsim_1:1)1:4)1:8,(dyak_1:10,dere_1:10)1:3)1:31,dana_1:44)1:11,(dpse_0:1,dper_0:1)0:54)0:7,dwil_0:62)0:1,((dmoj_0:31,dvir_0:31)0:12,dgri_0:43)0:20)0;
		mir-1015	((((((dmel_1:5,(dsec_1:1,dsim_1:1)1:4)1:8,(dyak_1:10,dere_1:10)1:3)1:31,dana_0:44)0:11,(dpse_0:1,dper_0:1)0:54)0:7,dwil_0:62)0:1,((dmoj_0:31,dvir_0:31)0:12,dgri_0:43)0:20)0;
		mir-1016	((((((dmel_1:5,(dsec_1:1,dsim_1:1)1:4)1:8,(dyak_1:10,dere_1:10)1:3)1:31,dana_0:44)0:11,(dpse_0:1,dper_0:1)0:54)0:7,dwil_0:62)0:1,((dmoj_0:31,dvir_0:31)0:12,dgri_0:43)0:20)0;
		mir-1017	((((((dmel_1:5,(dsec_1:1,dsim_1:1)1:4)1:8,(dyak_1:10,dere_1:10)1:3)1:31,dana_1:44)1:11,(dpse_1:1,dper_1:1)1:54)1:7,dwil_0:62)1:1,((dmoj_1:31,dvir_0:31)1:12,dgri_1:43)1:20)1;
		mir-11	((((((dmel_1:5,(dsec_1:1,dsim_1:1)1:4)1:8,(dyak_1:10,dere_1:10)1:3)1:31,dana_1:44)1:11,(dpse_1:1,dper_1:1)1:54)1:7,dwil_1:62)1:1,((dmoj_1:31,dvir_1:31)1:12,dgri_1:43)1:20)1;
		mir-12	((((((dmel_1:5,(dsec_1:1,dsim_1:1)1:4)1:8,(dyak_0:10,dere_1:10)1:3)1:31,dana_1:44)1:11,(dpse_1:1,dper_1:1)1:54)1:7,dwil_1:62)1:1,((dmoj_1:31,dvir_1:31)1:12,dgri_1:43)1:20)1;
		mir-124	((((((dmel_1:5,(dsec_1:1,dsim_1:1)1:4)1:8,(dyak_1:10,dere_1:10)1:3)1:31,dana_1:44)1:11,(dpse_1:1,dper_1:1)1:54)1:7,dwil_1:62)1:1,((dmoj_1:31,dvir_1:31)1:12,dgri_1:43)1:20)1;
		mir-125	((((((dmel_1:5,(dsec_1:1,dsim_1:1)1:4)1:8,(dyak_1:10,dere_1:10)1:3)1:31,dana_1:44)1:11,(dpse_1:1,dper_3:1)1:54)1:7,dwil_1:62)1:1,((dmoj_1:31,dvir_1:31)1:12,dgri_2:43)1:20)1;
		mir-133	((((((dmel_1:5,(dsec_1:1,dsim_1:1)1:4)1:8,(dyak_1:10,dere_1:10)1:3)1:31,dana_1:44)1:11,(dpse_1:1,dper_1:1)1:54)1:7,dwil_1:62)1:1,((dmoj_1:31,dvir_1:31)1:12,dgri_1:43)1:20)1;
		mir-137	((((((dmel_1:5,(dsec_1:1,dsim_1:1)1:4)1:8,(dyak_1:10,dere_1:10)1:3)1:31,dana_1:44)1:11,(dpse_1:1,dper_1:1)1:54)1:7,dwil_1:62)1:1,((dmoj_1:31,dvir_1:31)1:12,dgri_1:43)1:20)1;
		mir-13a	((((((dmel_1:5,(dsec_1:1,dsim_1:1)1:4)1:8,(dyak_1:10,dere_1:10)1:3)1:31,dana_1:44)1:11,(dpse_1:1,dper_1:1)1:54)1:7,dwil_1:62)1:1,((dmoj_1:31,dvir_1:31)1:12,dgri_1:43)1:20)1;
		mir-13b-1	((((((dmel_1:5,(dsec_1:1,dsim_1:1)1:4)1:8,(dyak_1:10,dere_1:10)1:3)1:31,dana_1:44)1:11,(dpse_1:1,dper_1:1)1:54)1:7,dwil_1:62)1:1,((dmoj_1:31,dvir_1:31)1:12,dgri_1:43)1:20)1;
		mir-13b-2	((((((dmel_1:5,(dsec_1:1,dsim_1:1)1:4)1:8,(dyak_1:10,dere_1:10)1:3)1:31,dana_1:44)1:11,(dpse_1:1,dper_1:1)1:54)1:7,dwil_1:62)1:1,((dmoj_1:31,dvir_1:31)1:12,dgri_1:43)1:20)1;
		mir-14	((((((dmel_1:5,(dsec_1:1,dsim_1:1)1:4)1:8,(dyak_1:10,dere_1:10)1:3)1:31,dana_1:44)1:11,(dpse_1:1,dper_1:1)1:54)1:7,dwil_1:62)1:1,((dmoj_1:31,dvir_1:31)1:12,dgri_1:43)1:20)1;
		mir-184	((((((dmel_1:5,(dsec_1:1,dsim_1:1)1:4)1:8,(dyak_1:10,dere_1:10)1:3)1:31,dana_1:44)1:11,(dpse_1:1,dper_1:1)1:54)1:7,dwil_1:62)1:1,((dmoj_1:31,dvir_1:31)1:12,dgri_1:43)1:20)1;
		mir-190	((((((dmel_1:5,(dsec_1:1,dsim_1:1)1:4)1:8,(dyak_1:10,dere_1:10)1:3)1:31,dana_1:44)1:11,(dpse_1:1,dper_1:1)1:54)1:7,dwil_1:62)1:1,((dmoj_1:31,dvir_1:31)1:12,dgri_1:43)1:20)1;
		mir-193	((((((dmel_1:5,(dsec_1:1,dsim_1:1)1:4)1:8,(dyak_2:10,dere_1:10)1:3)1:31,dana_1:44)1:11,(dpse_1:1,dper_1:1)1:54)1:7,dwil_1:62)1:1,((dmoj_1:31,dvir_1:31)1:12,dgri_1:43)1:20)1;
		mir-210	((((((dmel_1:5,(dsec_1:1,dsim_1:1)1:4)1:8,(dyak_1:10,dere_1:10)1:3)1:31,dana_1:44)1:11,(dpse_1:1,dper_1:1)1:54)1:7,dwil_1:62)1:1,((dmoj_1:31,dvir_1:31)1:12,dgri_1:43)1:20)1;
		mir-219	((((((dmel_1:5,(dsec_1:1,dsim_1:1)1:4)1:8,(dyak_1:10,dere_1:10)1:3)1:31,dana_1:44)1:11,(dpse_1:1,dper_1:1)1:54)1:7,dwil_1:62)1:1,((dmoj_1:31,dvir_1:31)1:12,dgri_1:43)1:20)1;
		mir-252	((((((dmel_1:5,(dsec_1:1,dsim_1:1)1:4)1:8,(dyak_1:10,dere_1:10)1:3)1:31,dana_1:44)1:11,(dpse_1:1,dper_1:1)1:54)1:7,dwil_1:62)1:1,((dmoj_1:31,dvir_1:31)1:12,dgri_1:43)1:20)1;
		mir-263a	((((((dmel_1:5,(dsec_1:1,dsim_1:1)1:4)1:8,(dyak_1:10,dere_1:10)1:3)1:31,dana_1:44)1:11,(dpse_1:1,dper_1:1)1:54)1:7,dwil_1:62)1:1,((dmoj_1:31,dvir_1:31)1:12,dgri_1:43)1:20)1;
		mir-263b	((((((dmel_1:5,(dsec_1:1,dsim_1:1)1:4)1:8,(dyak_2:10,dere_1:10)1:3)1:31,dana_1:44)1:11,(dpse_1:1,dper_1:1)1:54)1:7,dwil_1:62)1:1,((dmoj_0:31,dvir_1:31)1:12,dgri_1:43)1:20)1;
		mir-274	((((((dmel_1:5,(dsec_1:1,dsim_0:1)1:4)1:8,(dyak_1:10,dere_1:10)1:3)1:31,dana_1:44)1:11,(dpse_1:1,dper_1:1)1:54)1:7,dwil_1:62)1:1,((dmoj_1:31,dvir_1:31)1:12,dgri_1:43)1:20)1;
		mir-275	((((((dmel_1:5,(dsec_1:1,dsim_1:1)1:4)1:8,(dyak_1:10,dere_1:10)1:3)1:31,dana_1:44)1:11,(dpse_1:1,dper_1:1)1:54)1:7,dwil_1:62)1:1,((dmoj_1:31,dvir_1:31)1:12,dgri_1:43)1:20)1;
		mir-276a	((((((dmel_1:5,(dsec_1:1,dsim_1:1)1:4)1:8,(dyak_1:10,dere_1:10)1:3)1:31,dana_1:44)1:11,(dpse_1:1,dper_1:1)1:54)1:7,dwil_1:62)1:1,((dmoj_1:31,dvir_1:31)1:12,dgri_1:43)1:20)1;
		mir-276b	((((((dmel_1:5,(dsec_1:1,dsim_1:1)1:4)1:8,(dyak_1:10,dere_1:10)1:3)1:31,dana_1:44)1:11,(dpse_1:1,dper_1:1)1:54)1:7,dwil_1:62)1:1,((dmoj_1:31,dvir_1:31)1:12,dgri_1:43)1:20)1;
		mir-277	((((((dmel_1:5,(dsec_1:1,dsim_1:1)1:4)1:8,(dyak_1:10,dere_1:10)1:3)1:31,dana_1:44)1:11,(dpse_1:1,dper_1:1)1:54)1:7,dwil_1:62)1:1,((dmoj_1:31,dvir_1:31)1:12,dgri_1:43)1:20)1;
		mir-278	((((((dmel_1:5,(dsec_1:1,dsim_1:1)1:4)1:8,(dyak_1:10,dere_1:10)1:3)1:31,dana_1:44)1:11,(dpse_1:1,dper_1:1)1:54)1:7,dwil_1:62)1:1,((dmoj_1:31,dvir_1:31)1:12,dgri_1:43)1:20)1;
		mir-279	((((((dmel_1:5,(dsec_1:1,dsim_1:1)1:4)1:8,(dyak_1:10,dere_1:10)1:3)1:31,dana_1:44)1:11,(dpse_1:1,dper_1:1)1:54)1:7,dwil_1:62)1:1,((dmoj_1:31,dvir_1:31)1:12,dgri_1:43)1:20)1;
		mir-280	((((((dmel_1:5,(dsec_1:1,dsim_0:1)1:4)1:8,(dyak_1:10,dere_1:10)1:3)1:31,dana_1:44)1:11,(dpse_1:1,dper_1:1)1:54)1:7,dwil_1:62)1:1,((dmoj_1:31,dvir_1:31)1:12,dgri_1:43)1:20)1;
		mir-281-1	((((((dmel_1:5,(dsec_1:1,dsim_1:1)1:4)1:8,(dyak_1:10,dere_1:10)1:3)1:31,dana_1:44)1:11,(dpse_1:1,dper_1:1)1:54)1:7,dwil_1:62)1:1,((dmoj_1:31,dvir_1:31)1:12,dgri_1:43)1:20)1;
		mir-281-2	((((((dmel_1:5,(dsec_1:1,dsim_0:1)1:4)1:8,(dyak_1:10,dere_1:10)1:3)1:31,dana_1:44)1:11,(dpse_1:1,dper_1:1)1:54)1:7,dwil_1:62)1:1,((dmoj_1:31,dvir_1:31)1:12,dgri_1:43)1:20)1;
		mir-282	((((((dmel_1:5,(dsec_1:1,dsim_1:1)1:4)1:8,(dyak_1:10,dere_1:10)1:3)1:31,dana_1:44)1:11,(dpse_1:1,dper_1:1)1:54)1:7,dwil_1:62)1:1,((dmoj_1:31,dvir_1:31)1:12,dgri_1:43)1:20)1;
		mir-283	((((((dmel_1:5,(dsec_1:1,dsim_1:1)1:4)1:8,(dyak_1:10,dere_1:10)1:3)1:31,dana_1:44)1:11,(dpse_1:1,dper_1:1)1:54)1:7,dwil_1:62)1:1,((dmoj_1:31,dvir_1:31)1:12,dgri_1:43)1:20)1;
		mir-284	((((((dmel_1:5,(dsec_1:1,dsim_1:1)1:4)1:8,(dyak_1:10,dere_1:10)1:3)1:31,dana_1:44)1:11,(dpse_1:1,dper_1:1)1:54)1:7,dwil_1:62)1:1,((dmoj_1:31,dvir_1:31)1:12,dgri_1:43)1:20)1;
		mir-285	((((((dmel_1:5,(dsec_1:1,dsim_1:1)1:4)1:8,(dyak_1:10,dere_1:10)1:3)1:31,dana_1:44)1:11,(dpse_1:1,dper_0:1)1:54)1:7,dwil_1:62)1:1,((dmoj_1:31,dvir_1:31)1:12,dgri_1:43)1:20)1;
		mir-286	((((((dmel_1:5,(dsec_1:1,dsim_1:1)1:4)1:8,(dyak_1:10,dere_1:10)1:3)1:31,dana_1:44)1:11,(dpse_1:1,dper_1:1)1:54)1:7,dwil_1:62)1:1,((dmoj_1:31,dvir_1:31)1:12,dgri_2:43)1:20)1;
		mir-287	((((((dmel_1:5,(dsec_1:1,dsim_1:1)1:4)1:8,(dyak_1:10,dere_1:10)1:3)1:31,dana_1:44)1:11,(dpse_1:1,dper_1:1)1:54)1:7,dwil_2:62)1:1,((dmoj_1:31,dvir_1:31)1:12,dgri_2:43)1:20)1;
		mir-288	((((((dmel_1:5,(dsec_1:1,dsim_1:1)1:4)1:8,(dyak_1:10,dere_1:10)1:3)1:31,dana_1:44)1:11,(dpse_1:1,dper_1:1)1:54)1:7,dwil_1:62)1:1,((dmoj_1:31,dvir_1:31)1:12,dgri_1:43)1:20)1;
		mir-289	((((((dmel_1:5,(dsec_1:1,dsim_1:1)1:4)1:8,(dyak_1:10,dere_1:10)1:3)1:31,dana_0:44)0:11,(dpse_1:1,dper_1:1)1:54)0:7,dwil_0:62)0:1,((dmoj_0:31,dvir_0:31)0:12,dgri_0:43)0:20)0;
		mir-2a-1	((((((dmel_1:5,(dsec_1:1,dsim_1:1)1:4)1:8,(dyak_1:10,dere_1:10)1:3)1:31,dana_1:44)1:11,(dpse_1:1,dper_1:1)1:54)1:7,dwil_1:62)1:1,((dmoj_1:31,dvir_1:31)1:12,dgri_1:43)1:20)1;
		mir-2a-2	((((((dmel_1:5,(dsec_2:1,dsim_1:1)1:4)1:8,(dyak_1:10,dere_1:10)1:3)1:31,dana_1:44)1:11,(dpse_1:1,dper_1:1)1:54)1:7,dwil_1:62)1:1,((dmoj_1:31,dvir_1:31)1:12,dgri_1:43)1:20)1;
		mir-2b-1	((((((dmel_1:5,(dsec_1:1,dsim_1:1)1:4)1:8,(dyak_1:10,dere_1:10)1:3)1:31,dana_0:44)0:11,(dpse_1:1,dper_1:1)1:54)0:7,dwil_0:62)0:1,((dmoj_0:31,dvir_0:31)0:12,dgri_0:43)0:20)0;
		mir-2b-2	((((((dmel_1:5,(dsec_1:1,dsim_1:1)1:4)1:8,(dyak_1:10,dere_1:10)1:3)1:31,dana_1:44)1:11,(dpse_1:1,dper_1:1)1:54)1:7,dwil_1:62)1:1,((dmoj_1:31,dvir_1:31)1:12,dgri_1:43)1:20)1;
		mir-2c	((((((dmel_1:5,(dsec_1:1,dsim_1:1)1:4)1:8,(dyak_1:10,dere_1:10)1:3)1:31,dana_1:44)1:11,(dpse_1:1,dper_1:1)1:54)1:7,dwil_1:62)1:1,((dmoj_1:31,dvir_1:31)1:12,dgri_1:43)1:20)1;
		mir-3	((((((dmel_1:5,(dsec_1:1,dsim_1:1)1:4)1:8,(dyak_1:10,dere_1:10)1:3)1:31,dana_1:44)1:11,(dpse_1:1,dper_1:1)1:54)1:7,dwil_1:62)1:1,((dmoj_1:31,dvir_1:31)1:12,dgri_2:43)1:20)1;
		mir-303	((((((dmel_1:5,(dsec_0:1,dsim_1:1)1:4)1:8,(dyak_0:10,dere_0:10)0:3)0:31,dana_0:44)0:11,(dpse_0:1,dper_0:1)0:54)0:7,dwil_0:62)0:1,((dmoj_0:31,dvir_0:31)0:12,dgri_0:43)0:20)0;
		mir-304	((((((dmel_1:5,(dsec_1:1,dsim_1:1)1:4)1:8,(dyak_1:10,dere_1:10)1:3)1:31,dana_1:44)1:11,(dpse_1:1,dper_0:1)1:54)1:7,dwil_1:62)1:1,((dmoj_1:31,dvir_1:31)1:12,dgri_1:43)1:20)1;
		mir-305	((((((dmel_1:5,(dsec_1:1,dsim_1:1)1:4)1:8,(dyak_1:10,dere_1:10)1:3)1:31,dana_1:44)1:11,(dpse_1:1,dper_1:1)1:54)1:7,dwil_1:62)1:1,((dmoj_1:31,dvir_1:31)1:12,dgri_1:43)1:20)1;
		mir-306	((((((dmel_1:5,(dsec_1:1,dsim_0:1)1:4)1:8,(dyak_1:10,dere_1:10)1:3)1:31,dana_1:44)1:11,(dpse_1:1,dper_1:1)1:54)1:7,dwil_2:62)1:1,((dmoj_1:31,dvir_1:31)1:12,dgri_1:43)1:20)1;
		mir-307	((((((dmel_1:5,(dsec_1:1,dsim_1:1)1:4)1:8,(dyak_1:10,dere_1:10)1:3)1:31,dana_1:44)1:11,(dpse_1:1,dper_1:1)1:54)1:7,dwil_1:62)1:1,((dmoj_1:31,dvir_1:31)1:12,dgri_1:43)1:20)1;
		mir-308	((((((dmel_1:5,(dsec_1:1,dsim_1:1)1:4)1:8,(dyak_1:10,dere_1:10)1:3)1:31,dana_1:44)1:11,(dpse_1:1,dper_1:1)1:54)1:7,dwil_1:62)1:1,((dmoj_1:31,dvir_1:31)1:12,dgri_1:43)1:20)1;
		mir-309	((((((dmel_1:5,(dsec_1:1,dsim_1:1)1:4)1:8,(dyak_1:10,dere_1:10)1:3)1:31,dana_1:44)1:11,(dpse_1:1,dper_1:1)1:54)1:7,dwil_0:62)0:1,((dmoj_0:31,dvir_0:31)0:12,dgri_0:43)0:20)0;
		mir-310	((((((dmel_1:5,(dsec_1:1,dsim_1:1)1:4)1:8,(dyak_1:10,dere_2:10)1:3)1:31,dana_0:44)0:11,(dpse_0:1,dper_0:1)0:54)0:7,dwil_0:62)0:1,((dmoj_0:31,dvir_0:31)0:12,dgri_0:43)0:20)0;
		mir-311	((((((dmel_1:5,(dsec_1:1,dsim_1:1)1:4)1:8,(dyak_1:10,dere_2:10)1:3)1:31,dana_0:44)0:11,(dpse_0:1,dper_0:1)0:54)0:7,dwil_0:62)0:1,((dmoj_0:31,dvir_0:31)0:12,dgri_0:43)0:20)0;
		mir-312	((((((dmel_1:5,(dsec_1:1,dsim_1:1)1:4)1:8,(dyak_1:10,dere_2:10)1:3)1:31,dana_0:44)0:11,(dpse_0:1,dper_0:1)0:54)0:7,dwil_0:62)0:1,((dmoj_0:31,dvir_0:31)0:12,dgri_0:43)0:20)0;
		mir-313	((((((dmel_1:5,(dsec_1:1,dsim_1:1)1:4)1:8,(dyak_0:10,dere_0:10)0:3)0:31,dana_0:44)0:11,(dpse_0:1,dper_0:1)0:54)0:7,dwil_0:62)0:1,((dmoj_0:31,dvir_0:31)0:12,dgri_0:43)0:20)0;
		mir-314	((((((dmel_1:5,(dsec_1:1,dsim_1:1)1:4)1:8,(dyak_1:10,dere_1:10)1:3)1:31,dana_1:44)1:11,(dpse_1:1,dper_1:1)1:54)1:7,dwil_1:62)1:1,((dmoj_1:31,dvir_1:31)1:12,dgri_0:43)1:20)1;
		mir-315	((((((dmel_1:5,(dsec_1:1,dsim_1:1)1:4)1:8,(dyak_2:10,dere_1:10)1:3)1:31,dana_1:44)1:11,(dpse_1:1,dper_1:1)1:54)1:7,dwil_1:62)1:1,((dmoj_1:31,dvir_1:31)1:12,dgri_1:43)1:20)1;
		mir-316	((((((dmel_1:5,(dsec_1:1,dsim_1:1)1:4)1:8,(dyak_2:10,dere_1:10)1:3)1:31,dana_1:44)1:11,(dpse_1:1,dper_1:1)1:54)1:7,dwil_1:62)1:1,((dmoj_1:31,dvir_1:31)1:12,dgri_1:43)1:20)1;
		mir-317	((((((dmel_1:5,(dsec_1:1,dsim_1:1)1:4)1:8,(dyak_1:10,dere_1:10)1:3)1:31,dana_1:44)1:11,(dpse_1:1,dper_2:1)1:54)1:7,dwil_1:62)1:1,((dmoj_1:31,dvir_1:31)1:12,dgri_1:43)1:20)1;
		mir-318	((((((dmel_1:5,(dsec_1:1,dsim_1:1)1:4)1:8,(dyak_1:10,dere_1:10)1:3)1:31,dana_1:44)1:11,(dpse_1:1,dper_1:1)1:54)1:7,dwil_2:62)1:1,((dmoj_1:31,dvir_1:31)1:12,dgri_1:43)1:20)1;
		mir-31a	((((((dmel_1:5,(dsec_1:1,dsim_1:1)1:4)1:8,(dyak_1:10,dere_1:10)1:3)1:31,dana_1:44)1:11,(dpse_1:1,dper_1:1)1:54)1:7,dwil_1:62)1:1,((dmoj_1:31,dvir_1:31)1:12,dgri_1:43)1:20)1;
		mir-31b	((((((dmel_1:5,(dsec_1:1,dsim_1:1)1:4)1:8,(dyak_1:10,dere_1:10)1:3)1:31,dana_1:44)1:11,(dpse_1:1,dper_1:1)1:54)1:7,dwil_1:62)1:1,((dmoj_1:31,dvir_1:31)1:12,dgri_1:43)1:20)1;
		mir-33	((((((dmel_1:5,(dsec_1:1,dsim_1:1)1:4)1:8,(dyak_1:10,dere_1:10)1:3)1:31,dana_1:44)1:11,(dpse_1:1,dper_1:1)1:54)1:7,dwil_1:62)1:1,((dmoj_1:31,dvir_1:31)1:12,dgri_1:43)1:20)1;
		mir-34	((((((dmel_1:5,(dsec_1:1,dsim_1:1)1:4)1:8,(dyak_1:10,dere_1:10)1:3)1:31,dana_1:44)1:11,(dpse_1:1,dper_1:1)1:54)1:7,dwil_1:62)1:1,((dmoj_1:31,dvir_1:31)1:12,dgri_1:43)1:20)1;
		mir-375	((((((dmel_1:5,(dsec_1:1,dsim_1:1)1:4)1:8,(dyak_1:10,dere_1:10)1:3)1:31,dana_1:44)1:11,(dpse_1:1,dper_1:1)1:54)1:7,dwil_1:62)1:1,((dmoj_1:31,dvir_1:31)1:12,dgri_1:43)1:20)1;
		mir-4	((((((dmel_1:5,(dsec_1:1,dsim_1:1)1:4)1:8,(dyak_1:10,dere_1:10)1:3)1:31,dana_1:44)1:11,(dpse_1:1,dper_1:1)1:54)1:7,dwil_1:62)1:1,((dmoj_1:31,dvir_1:31)1:12,dgri_2:43)1:20)1;
		mir-5	((((((dmel_1:5,(dsec_1:1,dsim_1:1)1:4)1:8,(dyak_1:10,dere_1:10)1:3)1:31,dana_1:44)1:11,(dpse_1:1,dper_1:1)1:54)1:7,dwil_1:62)1:1,((dmoj_1:31,dvir_1:31)1:12,dgri_2:43)1:20)1;
		mir-6-1	((((((dmel_1:5,(dsec_1:1,dsim_1:1)1:4)1:8,(dyak_1:10,dere_1:10)1:3)1:31,dana_1:44)1:11,(dpse_1:1,dper_1:1)1:54)1:7,dwil_1:62)1:1,((dmoj_1:31,dvir_1:31)1:12,dgri_2:43)1:20)1;
		mir-6-2	((((((dmel_1:5,(dsec_1:1,dsim_1:1)1:4)1:8,(dyak_1:10,dere_1:10)1:3)1:31,dana_1:44)1:11,(dpse_1:1,dper_1:1)1:54)1:7,dwil_1:62)1:1,((dmoj_1:31,dvir_1:31)1:12,dgri_2:43)1:20)1;
		mir-6-3	((((((dmel_1:5,(dsec_1:1,dsim_1:1)1:4)1:8,(dyak_1:10,dere_1:10)1:3)1:31,dana_1:44)1:11,(dpse_1:1,dper_1:1)1:54)1:7,dwil_1:62)1:1,((dmoj_1:31,dvir_1:31)1:12,dgri_2:43)1:20)1;
		mir-7	((((((dmel_1:5,(dsec_1:1,dsim_1:1)1:4)1:8,(dyak_1:10,dere_1:10)1:3)1:31,dana_1:44)1:11,(dpse_1:1,dper_1:1)1:54)1:7,dwil_1:62)1:1,((dmoj_1:31,dvir_1:31)1:12,dgri_1:43)1:20)1;
		mir-79	((((((dmel_1:5,(dsec_1:1,dsim_0:1)1:4)1:8,(dyak_1:10,dere_1:10)1:3)1:31,dana_1:44)1:11,(dpse_1:1,dper_1:1)1:54)1:7,dwil_2:62)1:1,((dmoj_1:31,dvir_1:31)1:12,dgri_1:43)1:20)1;
		mir-8	((((((dmel_1:5,(dsec_1:1,dsim_1:1)1:4)1:8,(dyak_1:10,dere_1:10)1:3)1:31,dana_1:44)1:11,(dpse_1:1,dper_1:1)1:54)1:7,dwil_1:62)1:1,((dmoj_1:31,dvir_1:31)1:12,dgri_1:43)1:20)1;
		mir-87	((((((dmel_1:5,(dsec_1:1,dsim_1:1)1:4)1:8,(dyak_1:10,dere_1:10)1:3)1:31,dana_1:44)1:11,(dpse_1:1,dper_1:1)1:54)1:7,dwil_2:62)1:1,((dmoj_1:31,dvir_1:31)1:12,dgri_1:43)1:20)1;
		mir-927	((((((dmel_1:5,(dsec_1:1,dsim_1:1)1:4)1:8,(dyak_1:10,dere_1:10)1:3)1:31,dana_1:44)1:11,(dpse_1:1,dper_1:1)1:54)1:7,dwil_1:62)1:1,((dmoj_1:31,dvir_1:31)1:12,dgri_1:43)1:20)1;
		mir-929	((((((dmel_1:5,(dsec_1:1,dsim_1:1)1:4)1:8,(dyak_1:10,dere_1:10)1:3)1:31,dana_1:44)1:11,(dpse_1:1,dper_1:1)1:54)1:7,dwil_1:62)1:1,((dmoj_1:31,dvir_1:31)1:12,dgri_1:43)1:20)1;
		mir-92a	((((((dmel_1:5,(dsec_1:1,dsim_1:1)1:4)1:8,(dyak_1:10,dere_1:10)1:3)1:31,dana_1:44)1:11,(dpse_1:1,dper_1:1)1:54)1:7,dwil_1:62)1:1,((dmoj_1:31,dvir_1:31)1:12,dgri_1:43)1:20)1;
		mir-92b	((((((dmel_1:5,(dsec_1:1,dsim_1:1)1:4)1:8,(dyak_1:10,dere_1:10)1:3)1:31,dana_1:44)1:11,(dpse_1:1,dper_1:1)1:54)1:7,dwil_1:62)1:1,((dmoj_1:31,dvir_1:31)1:12,dgri_1:43)1:20)1;
		mir-932	((((((dmel_1:5,(dsec_1:1,dsim_1:1)1:4)1:8,(dyak_1:10,dere_1:10)1:3)1:31,dana_1:44)1:11,(dpse_0:1,dper_0:1)0:54)1:7,dwil_0:62)1:1,((dmoj_1:31,dvir_0:31)1:12,dgri_1:43)1:20)1;
		mir-954	((((((dmel_1:5,(dsec_1:1,dsim_1:1)1:4)1:8,(dyak_0:10,dere_0:10)0:3)0:31,dana_0:44)0:11,(dpse_0:1,dper_0:1)0:54)0:7,dwil_0:62)0:1,((dmoj_0:31,dvir_0:31)0:12,dgri_0:43)0:20)0;
		mir-955	((((((dmel_1:5,(dsec_1:1,dsim_1:1)1:4)1:8,(dyak_1:10,dere_1:10)1:3)1:31,dana_1:44)1:11,(dpse_0:1,dper_0:1)0:54)0:7,dwil_0:62)0:1,((dmoj_0:31,dvir_1:31)0:12,dgri_0:43)0:20)0;
		mir-956	((((((dmel_1:5,(dsec_1:1,dsim_1:1)1:4)1:8,(dyak_1:10,dere_1:10)1:3)1:31,dana_1:44)1:11,(dpse_2:1,dper_0:1)1:54)1:7,dwil_1:62)1:1,((dmoj_1:31,dvir_1:31)1:12,dgri_1:43)1:20)1;
		mir-957	((((((dmel_1:5,(dsec_1:1,dsim_1:1)1:4)1:8,(dyak_2:10,dere_1:10)1:3)1:31,dana_1:44)1:11,(dpse_1:1,dper_1:1)1:54)1:7,dwil_1:62)1:1,((dmoj_1:31,dvir_1:31)1:12,dgri_1:43)1:20)1;
		mir-958	((((((dmel_1:5,(dsec_1:1,dsim_1:1)1:4)1:8,(dyak_2:10,dere_1:10)1:3)1:31,dana_1:44)1:11,(dpse_1:1,dper_1:1)1:54)1:7,dwil_1:62)1:1,((dmoj_1:31,dvir_1:31)1:12,dgri_1:43)1:20)1;
		mir-959	((((((dmel_1:5,(dsec_1:1,dsim_1:1)1:4)1:8,(dyak_1:10,dere_1:10)1:3)1:31,dana_1:44)1:11,(dpse_1:1,dper_1:1)1:54)1:7,dwil_6:62)1:1,((dmoj_0:31,dvir_0:31)0:12,dgri_0:43)0:20)1;
		mir-960	((((((dmel_1:5,(dsec_1:1,dsim_1:1)1:4)1:8,(dyak_1:10,dere_1:10)1:3)1:31,dana_1:44)1:11,(dpse_0:1,dper_0:1)0:54)0:7,dwil_0:62)0:1,((dmoj_0:31,dvir_0:31)0:12,dgri_0:43)0:20)0;
		mir-961	((((((dmel_1:5,(dsec_1:1,dsim_1:1)1:4)1:8,(dyak_1:10,dere_1:10)1:3)1:31,dana_0:44)0:11,(dpse_0:1,dper_0:1)0:54)0:7,dwil_0:62)0:1,((dmoj_0:31,dvir_0:31)0:12,dgri_0:43)0:20)0;
		mir-962	((((((dmel_1:5,(dsec_1:1,dsim_1:1)1:4)1:8,(dyak_1:10,dere_1:10)1:3)1:31,dana_0:44)0:11,(dpse_0:1,dper_0:1)0:54)0:7,dwil_0:62)0:1,((dmoj_0:31,dvir_0:31)0:12,dgri_0:43)0:20)0;
		mir-963	((((((dmel_1:5,(dsec_1:1,dsim_1:1)1:4)1:8,(dyak_1:10,dere_1:10)1:3)1:31,dana_1:44)1:11,(dpse_0:1,dper_0:1)0:54)0:7,dwil_1:62)0:1,((dmoj_1:31,dvir_0:31)0:12,dgri_0:43)0:20)0;
		mir-964	((((((dmel_1:5,(dsec_1:1,dsim_1:1)1:4)1:8,(dyak_1:10,dere_1:10)1:3)1:31,dana_1:44)1:11,(dpse_0:1,dper_0:1)0:54)1:7,dwil_9:62)1:1,((dmoj_1:31,dvir_0:31)1:12,dgri_0:43)1:20)1;
		mir-965	((((((dmel_1:5,(dsec_1:1,dsim_1:1)1:4)1:8,(dyak_1:10,dere_1:10)1:3)1:31,dana_1:44)1:11,(dpse_1:1,dper_1:1)1:54)1:7,dwil_1:62)1:1,((dmoj_1:31,dvir_1:31)1:12,dgri_1:43)1:20)1;
		mir-966	((((((dmel_1:5,(dsec_1:1,dsim_0:1)1:4)1:8,(dyak_1:10,dere_0:10)1:3)1:31,dana_0:44)0:11,(dpse_0:1,dper_0:1)0:54)0:7,dwil_0:62)0:1,((dmoj_0:31,dvir_0:31)0:12,dgri_0:43)0:20)0;
		mir-967	((((((dmel_1:5,(dsec_1:1,dsim_1:1)1:4)1:8,(dyak_0:10,dere_0:10)0:3)0:31,dana_0:44)0:11,(dpse_0:1,dper_0:1)0:54)0:7,dwil_0:62)0:1,((dmoj_0:31,dvir_0:31)0:12,dgri_0:43)0:20)0;
		mir-968	((((((dmel_1:5,(dsec_1:1,dsim_1:1)1:4)1:8,(dyak_1:10,dere_1:10)1:3)1:31,dana_1:44)1:11,(dpse_1:1,dper_1:1)1:54)1:7,dwil_0:62)0:1,((dmoj_0:31,dvir_0:31)0:12,dgri_0:43)0:20)0;
		mir-969	((((((dmel_1:5,(dsec_1:1,dsim_1:1)1:4)1:8,(dyak_1:10,dere_1:10)1:3)1:31,dana_1:44)1:11,(dpse_1:1,dper_1:1)1:54)1:7,dwil_1:62)1:1,((dmoj_1:31,dvir_1:31)1:12,dgri_1:43)1:20)1;
		mir-970	((((((dmel_1:5,(dsec_1:1,dsim_1:1)1:4)1:8,(dyak_1:10,dere_1:10)1:3)1:31,dana_1:44)1:11,(dpse_1:1,dper_1:1)1:54)1:7,dwil_1:62)1:1,((dmoj_1:31,dvir_1:31)1:12,dgri_1:43)1:20)1;
		mir-971	((((((dmel_1:5,(dsec_1:1,dsim_0:1)1:4)1:8,(dyak_1:10,dere_1:10)1:3)1:31,dana_1:44)1:11,(dpse_1:1,dper_1:1)1:54)1:7,dwil_1:62)1:1,((dmoj_1:31,dvir_1:31)1:12,dgri_1:43)1:20)1;
		mir-972	((((((dmel_1:5,(dsec_1:1,dsim_1:1)1:4)1:8,(dyak_0:10,dere_0:10)0:3)0:31,dana_0:44)0:11,(dpse_0:1,dper_0:1)0:54)0:7,dwil_0:62)0:1,((dmoj_0:31,dvir_0:31)0:12,dgri_0:43)0:20)0;
		mir-973	((((((dmel_1:5,(dsec_1:1,dsim_1:1)1:4)1:8,(dyak_0:10,dere_1:10)1:3)1:31,dana_0:44)0:11,(dpse_0:1,dper_0:1)0:54)0:7,dwil_0:62)0:1,((dmoj_0:31,dvir_0:31)0:12,dgri_0:43)0:20)0;
		mir-974	((((((dmel_1:5,(dsec_1:1,dsim_1:1)1:4)1:8,(dyak_0:10,dere_1:10)1:3)1:31,dana_1:44)1:11,(dpse_0:1,dper_0:1)0:54)0:7,dwil_0:62)0:1,((dmoj_0:31,dvir_0:31)0:12,dgri_0:43)0:20)0;
		mir-975	((((((dmel_1:5,(dsec_1:1,dsim_1:1)1:4)1:8,(dyak_1:10,dere_1:10)1:3)1:31,dana_1:44)1:11,(dpse_0:1,dper_0:1)0:54)0:7,dwil_0:62)0:1,((dmoj_0:31,dvir_0:31)0:12,dgri_0:43)0:20)0;
		mir-976	((((((dmel_1:5,(dsec_1:1,dsim_1:1)1:4)1:8,(dyak_1:10,dere_1:10)1:3)1:31,dana_0:44)0:11,(dpse_0:1,dper_0:1)0:54)0:7,dwil_0:62)0:1,((dmoj_0:31,dvir_0:31)0:12,dgri_0:43)0:20)0;
		mir-977	((((((dmel_1:5,(dsec_1:1,dsim_1:1)1:4)1:8,(dyak_1:10,dere_1:10)1:3)1:31,dana_0:44)0:11,(dpse_0:1,dper_0:1)0:54)0:7,dwil_0:62)0:1,((dmoj_0:31,dvir_0:31)0:12,dgri_0:43)0:20)0;
		mir-978	((((((dmel_1:5,(dsec_1:1,dsim_1:1)1:4)1:8,(dyak_1:10,dere_1:10)1:3)1:31,dana_0:44)0:11,(dpse_0:1,dper_0:1)0:54)0:7,dwil_0:62)0:1,((dmoj_0:31,dvir_0:31)0:12,dgri_0:43)0:20)0;
		mir-979	((((((dmel_1:5,(dsec_0:1,dsim_1:1)1:4)1:8,(dyak_0:10,dere_0:10)0:3)0:31,dana_0:44)0:11,(dpse_0:1,dper_0:1)0:54)0:7,dwil_0:62)0:1,((dmoj_0:31,dvir_0:31)0:12,dgri_0:43)0:20)0;
		mir-980	((((((dmel_1:5,(dsec_1:1,dsim_1:1)1:4)1:8,(dyak_1:10,dere_1:10)1:3)1:31,dana_1:44)1:11,(dpse_1:1,dper_1:1)1:54)1:7,dwil_1:62)1:1,((dmoj_1:31,dvir_1:31)1:12,dgri_1:43)1:20)1;
		mir-981	((((((dmel_1:5,(dsec_1:1,dsim_1:1)1:4)1:8,(dyak_1:10,dere_1:10)1:3)1:31,dana_1:44)1:11,(dpse_1:1,dper_1:1)1:54)1:7,dwil_1:62)1:1,((dmoj_1:31,dvir_1:31)1:12,dgri_1:43)1:20)1;
		mir-982	((((((dmel_1:5,(dsec_2:1,dsim_2:1)2:4)1:8,(dyak_1:10,dere_0:10)1:3)1:31,dana_0:44)0:11,(dpse_0:1,dper_0:1)0:54)0:7,dwil_0:62)0:1,((dmoj_0:31,dvir_0:31)0:12,dgri_0:43)0:20)0;
		mir-983-1	((((((dmel_1:5,(dsec_0:1,dsim_0:1)0:4)0:8,(dyak_0:10,dere_0:10)0:3)0:31,dana_0:44)0:11,(dpse_0:1,dper_0:1)0:54)0:7,dwil_0:62)0:1,((dmoj_0:31,dvir_0:31)0:12,dgri_0:43)0:20)0;
		mir-983-2	((((((dmel_1:5,(dsec_1:1,dsim_1:1)1:4)1:8,(dyak_0:10,dere_0:10)0:3)0:31,dana_0:44)0:11,(dpse_0:1,dper_0:1)0:54)0:7,dwil_0:62)0:1,((dmoj_0:31,dvir_0:31)0:12,dgri_0:43)0:20)0;
		mir-984	((((((dmel_1:5,(dsec_0:1,dsim_0:1)0:4)0:8,(dyak_0:10,dere_0:10)0:3)0:31,dana_0:44)0:11,(dpse_0:1,dper_0:1)0:54)0:7,dwil_0:62)0:1,((dmoj_0:31,dvir_0:31)0:12,dgri_0:43)0:20)0;
		mir-985	((((((dmel_1:5,(dsec_1:1,dsim_1:1)1:4)1:8,(dyak_1:10,dere_1:10)1:3)1:31,dana_0:44)0:11,(dpse_0:1,dper_0:1)0:54)0:7,dwil_0:62)0:1,((dmoj_0:31,dvir_0:31)0:12,dgri_0:43)0:20)0;
		mir-986	((((((dmel_1:5,(dsec_1:1,dsim_1:1)1:4)1:8,(dyak_1:10,dere_1:10)1:3)1:31,dana_1:44)1:11,(dpse_0:1,dper_0:1)0:54)0:7,dwil_0:62)0:1,((dmoj_0:31,dvir_0:31)0:12,dgri_0:43)0:20)0;
		mir-987	((((((dmel_1:5,(dsec_1:1,dsim_2:1)1:4)1:8,(dyak_1:10,dere_1:10)1:3)1:31,dana_1:44)1:11,(dpse_1:1,dper_1:1)1:54)1:7,dwil_1:62)1:1,((dmoj_1:31,dvir_1:31)1:12,dgri_1:43)1:20)1;
		mir-988	((((((dmel_1:5,(dsec_1:1,dsim_1:1)1:4)1:8,(dyak_1:10,dere_1:10)1:3)1:31,dana_1:44)1:11,(dpse_1:1,dper_1:1)1:54)1:7,dwil_1:62)1:1,((dmoj_1:31,dvir_1:31)1:12,dgri_1:43)1:20)1;
		mir-989	((((((dmel_1:5,(dsec_1:1,dsim_1:1)1:4)1:8,(dyak_1:10,dere_1:10)1:3)1:31,dana_1:44)1:11,(dpse_1:1,dper_1:1)1:54)1:7,dwil_1:62)1:1,((dmoj_1:31,dvir_1:31)1:12,dgri_1:43)1:20)1;
		mir-990	((((((dmel_1:5,(dsec_1:1,dsim_1:1)1:4)1:8,(dyak_1:10,dere_1:10)1:3)1:31,dana_1:44)1:11,(dpse_0:1,dper_0:1)0:54)0:7,dwil_0:62)0:1,((dmoj_0:31,dvir_0:31)0:12,dgri_0:43)0:20)0;
		mir-991	((((((dmel_1:5,(dsec_1:1,dsim_1:1)1:4)1:8,(dyak_1:10,dere_0:10)1:3)1:31,dana_0:44)0:11,(dpse_0:1,dper_0:1)0:54)0:7,dwil_0:62)0:1,((dmoj_0:31,dvir_0:31)0:12,dgri_0:43)0:20)0;
		mir-992	((((((dmel_1:5,(dsec_0:1,dsim_0:1)0:4)1:8,(dyak_1:10,dere_2:10)1:3)1:31,dana_0:44)0:11,(dpse_0:1,dper_0:1)0:54)0:7,dwil_0:62)0:1,((dmoj_0:31,dvir_0:31)0:12,dgri_0:43)0:20)0;
		mir-993	((((((dmel_1:5,(dsec_1:1,dsim_1:1)1:4)1:8,(dyak_1:10,dere_1:10)1:3)1:31,dana_1:44)1:11,(dpse_1:1,dper_1:1)1:54)1:7,dwil_1:62)1:1,((dmoj_1:31,dvir_1:31)1:12,dgri_1:43)1:20)1;
		mir-994	((((((dmel_1:5,(dsec_1:1,dsim_1:1)1:4)1:8,(dyak_1:10,dere_1:10)1:3)1:31,dana_1:44)1:11,(dpse_1:1,dper_1:1)1:54)1:7,dwil_2:62)1:1,((dmoj_1:31,dvir_1:31)1:12,dgri_1:43)1:20)1;
		mir-995	((((((dmel_1:5,(dsec_1:1,dsim_1:1)1:4)1:8,(dyak_1:10,dere_1:10)1:3)1:31,dana_1:44)1:11,(dpse_1:1,dper_1:1)1:54)1:7,dwil_1:62)1:1,((dmoj_1:31,dvir_1:31)1:12,dgri_1:43)1:20)1;
		mir-996	((((((dmel_1:5,(dsec_1:1,dsim_1:1)1:4)1:8,(dyak_1:10,dere_1:10)1:3)1:31,dana_1:44)1:11,(dpse_1:1,dper_1:1)1:54)1:7,dwil_1:62)1:1,((dmoj_1:31,dvir_1:31)1:12,dgri_1:43)1:20)1;
		mir-997	((((((dmel_1:5,(dsec_1:1,dsim_1:1)1:4)1:8,(dyak_0:10,dere_0:10)0:3)0:31,dana_0:44)0:11,(dpse_0:1,dper_0:1)0:54)0:7,dwil_0:62)0:1,((dmoj_0:31,dvir_0:31)0:12,dgri_0:43)0:20)0;
		mir-998	((((((dmel_1:5,(dsec_1:1,dsim_1:1)1:4)1:8,(dyak_1:10,dere_1:10)1:3)1:31,dana_1:44)1:11,(dpse_1:1,dper_1:1)1:54)1:7,dwil_1:62)1:1,((dmoj_1:31,dvir_1:31)1:12,dgri_1:43)1:20)1;
		mir-999	((((((dmel_1:5,(dsec_1:1,dsim_1:1)1:4)1:8,(dyak_1:10,dere_1:10)1:3)1:31,dana_1:44)1:11,(dpse_1:1,dper_1:1)1:54)1:7,dwil_1:62)1:1,((dmoj_1:31,dvir_1:31)1:12,dgri_2:43)1:20)1;
		mir-9a	((((((dmel_1:5,(dsec_1:1,dsim_1:1)1:4)1:8,(dyak_2:10,dere_1:10)1:3)1:31,dana_1:44)1:11,(dpse_1:1,dper_1:1)1:54)1:7,dwil_1:62)1:1,((dmoj_1:31,dvir_1:31)1:12,dgri_1:43)1:20)1;
		mir-9b	((((((dmel_1:5,(dsec_1:1,dsim_0:1)1:4)1:8,(dyak_1:10,dere_1:10)1:3)1:31,dana_1:44)1:11,(dpse_1:1,dper_1:1)1:54)1:7,dwil_2:62)1:1,((dmoj_1:31,dvir_1:31)1:12,dgri_1:43)1:20)1;
		mir-9c	((((((dmel_1:5,(dsec_1:1,dsim_0:1)1:4)1:8,(dyak_1:10,dere_1:10)1:3)1:31,dana_1:44)1:11,(dpse_1:1,dper_1:1)1:54)1:7,dwil_2:62)1:1,((dmoj_1:31,dvir_1:31)1:12,dgri_1:43)1:20)1;
		mir-iab-4	((((((dmel_1:5,(dsec_1:1,dsim_1:1)1:4)1:8,(dyak_1:10,dere_1:10)1:3)1:31,dana_1:44)1:11,(dpse_1:1,dper_1:1)1:54)1:7,dwil_1:62)1:1,((dmoj_1:31,dvir_1:31)1:12,dgri_1:43)1:20)1;
		mir-iab-4as	((((((dmel_1:5,(dsec_1:1,dsim_1:1)1:4)1:8,(dyak_1:10,dere_1:10)1:3)1:31,dana_1:44)1:11,(dpse_1:1,dper_1:1)1:54)1:7,dwil_1:62)1:1,((dmoj_1:31,dvir_1:31)1:12,dgri_1:43)1:20)1;
		Total Ancestral Size	((((((dmel_152:5,(dsec_149:1,dsim_143:1)150:4)150:8,(dyak_148:10,dere_142:10)142:3)142:31,dana_115:44)115:11,(dpse_106:1,dper_107:1)105:54)106:7,dwil_123:62)104:1,((dmoj_103:31,dvir_101:31)103:12,dgri_112:43)103:20)104;

	##Minimum number of gains and losses per branch
		#Branch	Gains	Losses
		23->17	0	0
		17->15	2	0
		15->11	9	0
		11->9	27	0
		9->5	8	0
		5->1	2	0
		5->4	1	1
		4->2	1	2
		4->3	2	9
		9->8	0	0
		8->6	9	3
		8->7	4	4
		11->10	0	0
		15->14	2	3
		14->12	1	0
		14->13	5	3
		17->16	22	3
		23->22	0	1
		22->20	0	0
		20->18	1	1
		20->19	2	4
		22->21	11	2

	##Outlier Families per Branch
		#Family	Branch	P-value	FDR_P-value
		mir-964	17->16	0.0000000	0.0000000
		mir-10	8->6	0.0000164	0.0137339
		mir-125	14->13	0.0000002	0.0001881
		mir-959	17->16	0.0000000	0.0000309

	##Execution time (seconds): 85
END OUTPUT
