##NODES-INTERNAL_ID ASSOCIATION
(((((((((((dmel_1:5.000000,(dsec_2:1.000000,dsim_3:1.000000)4:4.000000)5:8.000000,(dyak_6:10.000000,dere_7:10.000000)8:3.000000)9:31.000000,dana_10:44.000000)11:11.000000,(dpse_12:1.000000,dper_13:1.000000)14:54.000000)15:7.000000,dwil_16:62.000000)17:1.000000,((dmoj_18:31.000000,dvir_19:31.000000)20:12.000000,dgri_21:43.000000)22:20.000000)23:187.000000,agam_24:250.000000)25:10.000000,bmor_26:260.000000)27:20.000000,tcas_28:280.000000)29:20.000000,amel_30:300.000000)31:50.000000,(phum_32:260.000000,apis_33:260.000000)34:90.000000)35;
--------------------
INPUT
	Execution date: 2011-09-19 11:55:23
	Version: 1.35.00
	root_dist = 1
	sizefile = examples/obp_sub.hexapoda.tsv
	treefile = examples/hexapoda.nwk
	priorfile = 
	n_max_int = 10
	outlier = 0
	seed = 741895788
	unobs = 1
	rmodel = BDI
	ep = CML
	help = 0
	out = STDOUT
	anc = 1
	version = 0
	print_ids = 0
	bmodel= 
		4->2	0
		5->1	0
		9->5	0
		25->23	0
		34->33	0
		25->24	0
		20->18	0
		15->14	0
		31->29	0
		14->13	0
		22->21	0
		35->34	0
		34->32	0
		17->15	0
		27->26	0
		17->16	0
		23->22	0
		4->3	0
		23->17	0
		9->8	0
		15->11	0
		11->10	0
		31->30	0
		8->6	0
		14->12	0
		29->28	0
		29->27	0
		11->9	0
		5->4	0
		35->31	0
		20->19	0
		27->25	0
		22->20	0
		8->7	0
	start_val = 0
	family = 1
END INPUT
--------------------
OUTPUT

	##Family Turnover Rates
		#Branch_Group	Birth	Death	Innovation
		0	0.0066944	0.0006827	0.0000000

	##Ancestral Family Size
		#Family	Ancestral Family Size Tree
		OG_0	(((((((((((dmel_1:5.000000,(dsec_1:1.000000,dsim_1:1.000000)1:4.000000)1:8.000000,(dyak_2:10.000000,dere_1:10.000000)1:3.000000)1:31.000000,dana_1:44.000000)1:11.000000,(dpse_1:1.000000,dper_1:1.000000)1:54.000000)1:7.000000,dwil_1:62.000000)1:1.000000,((dmoj_1:31.000000,dvir_1:31.000000)1:12.000000,dgri_1:43.000000)1:20.000000)1:187.000000,agam_1:250.000000)1:10.000000,bmor_0:260.000000)0:20.000000,tcas_0:280.000000)0:20.000000,amel_0:300.000000)0:50.000000,(phum_0:260.000000,apis_2:260.000000)0:90.000000)0;
		OG_1	(((((((((((dmel_1:5.000000,(dsec_1:1.000000,dsim_1:1.000000)1:4.000000)1:8.000000,(dyak_1:10.000000,dere_1:10.000000)1:3.000000)1:31.000000,dana_1:44.000000)1:11.000000,(dpse_1:1.000000,dper_1:1.000000)1:54.000000)1:7.000000,dwil_1:62.000000)1:1.000000,((dmoj_1:31.000000,dvir_1:31.000000)1:12.000000,dgri_1:43.000000)1:20.000000)1:187.000000,agam_0:250.000000)0:10.000000,bmor_0:260.000000)0:20.000000,tcas_0:280.000000)0:20.000000,amel_0:300.000000)0:50.000000,(phum_0:260.000000,apis_0:260.000000)0:90.000000)0;
		OG_10	(((((((((((dmel_0:5.000000,(dsec_0:1.000000,dsim_0:1.000000)0:4.000000)0:8.000000,(dyak_0:10.000000,dere_0:10.000000)0:3.000000)0:31.000000,dana_0:44.000000)0:11.000000,(dpse_0:1.000000,dper_0:1.000000)0:54.000000)0:7.000000,dwil_0:62.000000)0:1.000000,((dmoj_0:31.000000,dvir_0:31.000000)0:12.000000,dgri_0:43.000000)0:20.000000)0:187.000000,agam_1:250.000000)0:10.000000,bmor_0:260.000000)0:20.000000,tcas_0:280.000000)0:20.000000,amel_0:300.000000)0:50.000000,(phum_0:260.000000,apis_0:260.000000)0:90.000000)0;
		OG_11	(((((((((((dmel_2:5.000000,(dsec_2:1.000000,dsim_2:1.000000)2:4.000000)2:8.000000,(dyak_3:10.000000,dere_2:10.000000)2:3.000000)2:31.000000,dana_2:44.000000)2:11.000000,(dpse_2:1.000000,dper_2:1.000000)2:54.000000)2:7.000000,dwil_2:62.000000)2:1.000000,((dmoj_2:31.000000,dvir_2:31.000000)2:12.000000,dgri_2:43.000000)2:20.000000)2:187.000000,agam_7:250.000000)2:10.000000,bmor_5:260.000000)2:20.000000,tcas_2:280.000000)2:20.000000,amel_1:300.000000)1:50.000000,(phum_0:260.000000,apis_1:260.000000)1:90.000000)1;
		OG_12	(((((((((((dmel_0:5.000000,(dsec_0:1.000000,dsim_0:1.000000)0:4.000000)0:8.000000,(dyak_0:10.000000,dere_0:10.000000)0:3.000000)0:31.000000,dana_0:44.000000)0:11.000000,(dpse_1:1.000000,dper_1:1.000000)1:54.000000)0:7.000000,dwil_0:62.000000)0:1.000000,((dmoj_0:31.000000,dvir_0:31.000000)0:12.000000,dgri_0:43.000000)0:20.000000)0:187.000000,agam_0:250.000000)0:10.000000,bmor_0:260.000000)0:20.000000,tcas_0:280.000000)0:20.000000,amel_0:300.000000)0:50.000000,(phum_0:260.000000,apis_0:260.000000)0:90.000000)0;
		OG_13	(((((((((((dmel_3:5.000000,(dsec_3:1.000000,dsim_3:1.000000)3:4.000000)3:8.000000,(dyak_3:10.000000,dere_3:10.000000)3:3.000000)3:31.000000,dana_3:44.000000)3:11.000000,(dpse_3:1.000000,dper_3:1.000000)3:54.000000)3:7.000000,dwil_3:62.000000)3:1.000000,((dmoj_3:31.000000,dvir_3:31.000000)3:12.000000,dgri_3:43.000000)3:20.000000)3:187.000000,agam_5:250.000000)3:10.000000,bmor_4:260.000000)4:20.000000,tcas_12:280.000000)0:20.000000,amel_1:300.000000)0:50.000000,(phum_0:260.000000,apis_0:260.000000)0:90.000000)0;
		OG_14	(((((((((((dmel_1:5.000000,(dsec_1:1.000000,dsim_1:1.000000)1:4.000000)1:8.000000,(dyak_1:10.000000,dere_1:10.000000)1:3.000000)1:31.000000,dana_1:44.000000)1:11.000000,(dpse_1:1.000000,dper_1:1.000000)1:54.000000)1:7.000000,dwil_1:62.000000)1:1.000000,((dmoj_1:31.000000,dvir_1:31.000000)1:12.000000,dgri_1:43.000000)1:20.000000)1:187.000000,agam_0:250.000000)0:10.000000,bmor_0:260.000000)0:20.000000,tcas_0:280.000000)0:20.000000,amel_0:300.000000)0:50.000000,(phum_0:260.000000,apis_0:260.000000)0:90.000000)0;
		OG_15	(((((((((((dmel_0:5.000000,(dsec_0:1.000000,dsim_0:1.000000)0:4.000000)0:8.000000,(dyak_0:10.000000,dere_0:10.000000)0:3.000000)0:31.000000,dana_0:44.000000)0:11.000000,(dpse_0:1.000000,dper_0:1.000000)0:54.000000)0:7.000000,dwil_0:62.000000)0:1.000000,((dmoj_0:31.000000,dvir_0:31.000000)0:12.000000,dgri_0:43.000000)0:20.000000)0:187.000000,agam_0:250.000000)0:10.000000,bmor_0:260.000000)0:20.000000,tcas_0:280.000000)0:20.000000,amel_1:300.000000)0:50.000000,(phum_0:260.000000,apis_0:260.000000)0:90.000000)0;
		OG_16	(((((((((((dmel_1:5.000000,(dsec_1:1.000000,dsim_1:1.000000)1:4.000000)1:8.000000,(dyak_1:10.000000,dere_1:10.000000)1:3.000000)1:31.000000,dana_1:44.000000)1:11.000000,(dpse_1:1.000000,dper_1:1.000000)1:54.000000)1:7.000000,dwil_1:62.000000)1:1.000000,((dmoj_1:31.000000,dvir_1:31.000000)1:12.000000,dgri_1:43.000000)1:20.000000)1:187.000000,agam_0:250.000000)0:10.000000,bmor_0:260.000000)0:20.000000,tcas_0:280.000000)0:20.000000,amel_0:300.000000)0:50.000000,(phum_0:260.000000,apis_0:260.000000)0:90.000000)0;
		OG_17	(((((((((((dmel_1:5.000000,(dsec_1:1.000000,dsim_1:1.000000)1:4.000000)1:8.000000,(dyak_1:10.000000,dere_0:10.000000)0:3.000000)0:31.000000,dana_0:44.000000)0:11.000000,(dpse_0:1.000000,dper_0:1.000000)0:54.000000)0:7.000000,dwil_0:62.000000)0:1.000000,((dmoj_0:31.000000,dvir_0:31.000000)0:12.000000,dgri_0:43.000000)0:20.000000)0:187.000000,agam_0:250.000000)0:10.000000,bmor_0:260.000000)0:20.000000,tcas_0:280.000000)0:20.000000,amel_0:300.000000)0:50.000000,(phum_0:260.000000,apis_0:260.000000)0:90.000000)0;
		OG_18	(((((((((((dmel_0:5.000000,(dsec_0:1.000000,dsim_0:1.000000)0:4.000000)0:8.000000,(dyak_0:10.000000,dere_0:10.000000)0:3.000000)0:31.000000,dana_0:44.000000)0:11.000000,(dpse_0:1.000000,dper_0:1.000000)0:54.000000)0:7.000000,dwil_0:62.000000)0:1.000000,((dmoj_0:31.000000,dvir_0:31.000000)0:12.000000,dgri_0:43.000000)0:20.000000)0:187.000000,agam_0:250.000000)0:10.000000,bmor_6:260.000000)0:20.000000,tcas_0:280.000000)0:20.000000,amel_0:300.000000)0:50.000000,(phum_0:260.000000,apis_0:260.000000)0:90.000000)0;
		OG_19	(((((((((((dmel_0:5.000000,(dsec_0:1.000000,dsim_0:1.000000)0:4.000000)0:8.000000,(dyak_1:10.000000,dere_0:10.000000)0:3.000000)0:31.000000,dana_0:44.000000)0:11.000000,(dpse_0:1.000000,dper_0:1.000000)0:54.000000)0:7.000000,dwil_0:62.000000)0:1.000000,((dmoj_0:31.000000,dvir_0:31.000000)0:12.000000,dgri_0:43.000000)0:20.000000)0:187.000000,agam_0:250.000000)0:10.000000,bmor_0:260.000000)0:20.000000,tcas_0:280.000000)0:20.000000,amel_0:300.000000)0:50.000000,(phum_0:260.000000,apis_0:260.000000)0:90.000000)0;
		OG_2	(((((((((((dmel_2:5.000000,(dsec_2:1.000000,dsim_2:1.000000)2:4.000000)2:8.000000,(dyak_2:10.000000,dere_2:10.000000)2:3.000000)2:31.000000,dana_2:44.000000)2:11.000000,(dpse_2:1.000000,dper_2:1.000000)2:54.000000)2:7.000000,dwil_2:62.000000)2:1.000000,((dmoj_2:31.000000,dvir_2:31.000000)2:12.000000,dgri_2:43.000000)2:20.000000)2:187.000000,agam_1:250.000000)2:10.000000,bmor_3:260.000000)2:20.000000,tcas_8:280.000000)2:20.000000,amel_0:300.000000)2:50.000000,(phum_0:260.000000,apis_2:260.000000)2:90.000000)2;
		OG_20	(((((((((((dmel_1:5.000000,(dsec_1:1.000000,dsim_1:1.000000)1:4.000000)1:8.000000,(dyak_1:10.000000,dere_1:10.000000)1:3.000000)1:31.000000,dana_3:44.000000)1:11.000000,(dpse_0:1.000000,dper_0:1.000000)0:54.000000)0:7.000000,dwil_0:62.000000)0:1.000000,((dmoj_0:31.000000,dvir_0:31.000000)0:12.000000,dgri_0:43.000000)0:20.000000)0:187.000000,agam_0:250.000000)0:10.000000,bmor_0:260.000000)0:20.000000,tcas_0:280.000000)0:20.000000,amel_0:300.000000)0:50.000000,(phum_0:260.000000,apis_0:260.000000)0:90.000000)0;
		OG_21	(((((((((((dmel_1:5.000000,(dsec_1:1.000000,dsim_1:1.000000)1:4.000000)1:8.000000,(dyak_1:10.000000,dere_1:10.000000)1:3.000000)1:31.000000,dana_0:44.000000)0:11.000000,(dpse_0:1.000000,dper_0:1.000000)0:54.000000)0:7.000000,dwil_0:62.000000)0:1.000000,((dmoj_0:31.000000,dvir_0:31.000000)0:12.000000,dgri_0:43.000000)0:20.000000)0:187.000000,agam_0:250.000000)0:10.000000,bmor_0:260.000000)0:20.000000,tcas_0:280.000000)0:20.000000,amel_0:300.000000)0:50.000000,(phum_0:260.000000,apis_0:260.000000)0:90.000000)0;
		OG_22	(((((((((((dmel_1:5.000000,(dsec_1:1.000000,dsim_1:1.000000)1:4.000000)1:8.000000,(dyak_1:10.000000,dere_1:10.000000)1:3.000000)1:31.000000,dana_1:44.000000)1:11.000000,(dpse_1:1.000000,dper_1:1.000000)1:54.000000)1:7.000000,dwil_1:62.000000)1:1.000000,((dmoj_1:31.000000,dvir_1:31.000000)1:12.000000,dgri_1:43.000000)1:20.000000)1:187.000000,agam_0:250.000000)0:10.000000,bmor_0:260.000000)0:20.000000,tcas_0:280.000000)0:20.000000,amel_0:300.000000)0:50.000000,(phum_0:260.000000,apis_0:260.000000)0:90.000000)0;
		OG_23	(((((((((((dmel_1:5.000000,(dsec_1:1.000000,dsim_1:1.000000)1:4.000000)1:8.000000,(dyak_1:10.000000,dere_1:10.000000)1:3.000000)1:31.000000,dana_1:44.000000)1:11.000000,(dpse_1:1.000000,dper_1:1.000000)1:54.000000)1:7.000000,dwil_4:62.000000)1:1.000000,((dmoj_1:31.000000,dvir_1:31.000000)1:12.000000,dgri_1:43.000000)1:20.000000)1:187.000000,agam_1:250.000000)1:10.000000,bmor_0:260.000000)0:20.000000,tcas_7:280.000000)0:20.000000,amel_0:300.000000)0:50.000000,(phum_0:260.000000,apis_0:260.000000)0:90.000000)0;
		OG_24	(((((((((((dmel_0:5.000000,(dsec_0:1.000000,dsim_0:1.000000)0:4.000000)0:8.000000,(dyak_0:10.000000,dere_0:10.000000)0:3.000000)0:31.000000,dana_0:44.000000)0:11.000000,(dpse_0:1.000000,dper_0:1.000000)0:54.000000)0:7.000000,dwil_0:62.000000)0:1.000000,((dmoj_0:31.000000,dvir_0:31.000000)0:12.000000,dgri_0:43.000000)0:20.000000)0:187.000000,agam_0:250.000000)0:10.000000,bmor_0:260.000000)0:20.000000,tcas_1:280.000000)0:20.000000,amel_0:300.000000)0:50.000000,(phum_0:260.000000,apis_0:260.000000)0:90.000000)0;
		OG_25	(((((((((((dmel_0:5.000000,(dsec_0:1.000000,dsim_0:1.000000)0:4.000000)0:8.000000,(dyak_0:10.000000,dere_0:10.000000)0:3.000000)0:31.000000,dana_0:44.000000)0:11.000000,(dpse_0:1.000000,dper_0:1.000000)0:54.000000)0:7.000000,dwil_0:62.000000)0:1.000000,((dmoj_0:31.000000,dvir_0:31.000000)0:12.000000,dgri_0:43.000000)0:20.000000)0:187.000000,agam_4:250.000000)0:10.000000,bmor_0:260.000000)0:20.000000,tcas_0:280.000000)0:20.000000,amel_0:300.000000)0:50.000000,(phum_0:260.000000,apis_0:260.000000)0:90.000000)0;
		OG_26	(((((((((((dmel_1:5.000000,(dsec_1:1.000000,dsim_1:1.000000)1:4.000000)1:8.000000,(dyak_1:10.000000,dere_1:10.000000)1:3.000000)1:31.000000,dana_1:44.000000)1:11.000000,(dpse_1:1.000000,dper_1:1.000000)1:54.000000)1:7.000000,dwil_1:62.000000)1:1.000000,((dmoj_0:31.000000,dvir_0:31.000000)0:12.000000,dgri_0:43.000000)0:20.000000)0:187.000000,agam_0:250.000000)0:10.000000,bmor_0:260.000000)0:20.000000,tcas_0:280.000000)0:20.000000,amel_0:300.000000)0:50.000000,(phum_0:260.000000,apis_0:260.000000)0:90.000000)0;
		OG_27	(((((((((((dmel_1:5.000000,(dsec_1:1.000000,dsim_1:1.000000)1:4.000000)1:8.000000,(dyak_1:10.000000,dere_1:10.000000)1:3.000000)1:31.000000,dana_1:44.000000)1:11.000000,(dpse_1:1.000000,dper_1:1.000000)1:54.000000)1:7.000000,dwil_1:62.000000)1:1.000000,((dmoj_1:31.000000,dvir_1:31.000000)1:12.000000,dgri_1:43.000000)1:20.000000)1:187.000000,agam_0:250.000000)0:10.000000,bmor_0:260.000000)0:20.000000,tcas_0:280.000000)0:20.000000,amel_0:300.000000)0:50.000000,(phum_0:260.000000,apis_0:260.000000)0:90.000000)0;
		OG_28	(((((((((((dmel_0:5.000000,(dsec_0:1.000000,dsim_0:1.000000)0:4.000000)0:8.000000,(dyak_0:10.000000,dere_0:10.000000)0:3.000000)0:31.000000,dana_0:44.000000)0:11.000000,(dpse_0:1.000000,dper_0:1.000000)0:54.000000)0:7.000000,dwil_0:62.000000)0:1.000000,((dmoj_0:31.000000,dvir_0:31.000000)0:12.000000,dgri_0:43.000000)0:20.000000)0:187.000000,agam_2:250.000000)0:10.000000,bmor_0:260.000000)0:20.000000,tcas_0:280.000000)0:20.000000,amel_0:300.000000)0:50.000000,(phum_0:260.000000,apis_0:260.000000)0:90.000000)0;
		OG_29	(((((((((((dmel_0:5.000000,(dsec_0:1.000000,dsim_0:1.000000)0:4.000000)0:8.000000,(dyak_0:10.000000,dere_0:10.000000)0:3.000000)0:31.000000,dana_0:44.000000)0:11.000000,(dpse_0:1.000000,dper_0:1.000000)0:54.000000)0:7.000000,dwil_0:62.000000)0:1.000000,((dmoj_0:31.000000,dvir_0:31.000000)0:12.000000,dgri_0:43.000000)0:20.000000)0:187.000000,agam_0:250.000000)0:10.000000,bmor_0:260.000000)0:20.000000,tcas_0:280.000000)0:20.000000,amel_2:300.000000)0:50.000000,(phum_0:260.000000,apis_0:260.000000)0:90.000000)0;
		OG_3	(((((((((((dmel_0:5.000000,(dsec_0:1.000000,dsim_0:1.000000)0:4.000000)0:8.000000,(dyak_0:10.000000,dere_0:10.000000)0:3.000000)0:31.000000,dana_0:44.000000)0:11.000000,(dpse_0:1.000000,dper_0:1.000000)0:54.000000)0:7.000000,dwil_0:62.000000)0:1.000000,((dmoj_0:31.000000,dvir_0:31.000000)0:12.000000,dgri_0:43.000000)0:20.000000)0:187.000000,agam_1:250.000000)0:10.000000,bmor_0:260.000000)0:20.000000,tcas_0:280.000000)0:20.000000,amel_0:300.000000)0:50.000000,(phum_0:260.000000,apis_0:260.000000)0:90.000000)0;
		OG_30	(((((((((((dmel_1:5.000000,(dsec_1:1.000000,dsim_1:1.000000)1:4.000000)1:8.000000,(dyak_1:10.000000,dere_1:10.000000)1:3.000000)1:31.000000,dana_1:44.000000)1:11.000000,(dpse_1:1.000000,dper_1:1.000000)1:54.000000)1:7.000000,dwil_1:62.000000)1:1.000000,((dmoj_1:31.000000,dvir_1:31.000000)1:12.000000,dgri_1:43.000000)1:20.000000)1:187.000000,agam_0:250.000000)0:10.000000,bmor_0:260.000000)0:20.000000,tcas_0:280.000000)0:20.000000,amel_0:300.000000)0:50.000000,(phum_0:260.000000,apis_0:260.000000)0:90.000000)0;
		OG_31	(((((((((((dmel_1:5.000000,(dsec_1:1.000000,dsim_1:1.000000)1:4.000000)1:8.000000,(dyak_1:10.000000,dere_1:10.000000)1:3.000000)1:31.000000,dana_1:44.000000)1:11.000000,(dpse_1:1.000000,dper_1:1.000000)1:54.000000)1:7.000000,dwil_1:62.000000)1:1.000000,((dmoj_1:31.000000,dvir_1:31.000000)1:12.000000,dgri_1:43.000000)1:20.000000)1:187.000000,agam_0:250.000000)0:10.000000,bmor_0:260.000000)0:20.000000,tcas_0:280.000000)0:20.000000,amel_0:300.000000)0:50.000000,(phum_0:260.000000,apis_0:260.000000)0:90.000000)0;
		OG_32	(((((((((((dmel_0:5.000000,(dsec_0:1.000000,dsim_0:1.000000)0:4.000000)0:8.000000,(dyak_0:10.000000,dere_0:10.000000)0:3.000000)0:31.000000,dana_2:44.000000)0:11.000000,(dpse_0:1.000000,dper_0:1.000000)0:54.000000)0:7.000000,dwil_0:62.000000)0:1.000000,((dmoj_0:31.000000,dvir_0:31.000000)0:12.000000,dgri_0:43.000000)0:20.000000)0:187.000000,agam_0:250.000000)0:10.000000,bmor_0:260.000000)0:20.000000,tcas_0:280.000000)0:20.000000,amel_0:300.000000)0:50.000000,(phum_0:260.000000,apis_0:260.000000)0:90.000000)0;
		OG_33	(((((((((((dmel_1:5.000000,(dsec_1:1.000000,dsim_1:1.000000)1:4.000000)1:8.000000,(dyak_1:10.000000,dere_1:10.000000)1:3.000000)1:31.000000,dana_1:44.000000)1:11.000000,(dpse_1:1.000000,dper_1:1.000000)1:54.000000)1:7.000000,dwil_1:62.000000)1:1.000000,((dmoj_1:31.000000,dvir_1:31.000000)1:12.000000,dgri_1:43.000000)1:20.000000)1:187.000000,agam_0:250.000000)0:10.000000,bmor_0:260.000000)0:20.000000,tcas_0:280.000000)0:20.000000,amel_0:300.000000)0:50.000000,(phum_0:260.000000,apis_0:260.000000)0:90.000000)0;
		OG_34	(((((((((((dmel_1:5.000000,(dsec_1:1.000000,dsim_1:1.000000)1:4.000000)1:8.000000,(dyak_1:10.000000,dere_1:10.000000)1:3.000000)1:31.000000,dana_1:44.000000)1:11.000000,(dpse_1:1.000000,dper_1:1.000000)1:54.000000)1:7.000000,dwil_1:62.000000)1:1.000000,((dmoj_1:31.000000,dvir_1:31.000000)1:12.000000,dgri_1:43.000000)1:20.000000)1:187.000000,agam_1:250.000000)1:10.000000,bmor_0:260.000000)0:20.000000,tcas_0:280.000000)0:20.000000,amel_0:300.000000)0:50.000000,(phum_0:260.000000,apis_0:260.000000)0:90.000000)0;
		OG_35	(((((((((((dmel_0:5.000000,(dsec_0:1.000000,dsim_0:1.000000)0:4.000000)0:8.000000,(dyak_0:10.000000,dere_0:10.000000)0:3.000000)0:31.000000,dana_0:44.000000)0:11.000000,(dpse_0:1.000000,dper_0:1.000000)0:54.000000)0:7.000000,dwil_0:62.000000)0:1.000000,((dmoj_0:31.000000,dvir_0:31.000000)0:12.000000,dgri_0:43.000000)0:20.000000)0:187.000000,agam_0:250.000000)0:10.000000,bmor_0:260.000000)0:20.000000,tcas_1:280.000000)0:20.000000,amel_0:300.000000)0:50.000000,(phum_0:260.000000,apis_0:260.000000)0:90.000000)0;
		OG_36	(((((((((((dmel_0:5.000000,(dsec_0:1.000000,dsim_0:1.000000)0:4.000000)0:8.000000,(dyak_0:10.000000,dere_0:10.000000)0:3.000000)0:31.000000,dana_0:44.000000)0:11.000000,(dpse_0:1.000000,dper_0:1.000000)0:54.000000)0:7.000000,dwil_0:62.000000)0:1.000000,((dmoj_0:31.000000,dvir_0:31.000000)0:12.000000,dgri_0:43.000000)0:20.000000)0:187.000000,agam_2:250.000000)0:10.000000,bmor_2:260.000000)0:20.000000,tcas_0:280.000000)0:20.000000,amel_0:300.000000)0:50.000000,(phum_0:260.000000,apis_0:260.000000)0:90.000000)0;
		OG_37	(((((((((((dmel_1:5.000000,(dsec_1:1.000000,dsim_1:1.000000)1:4.000000)1:8.000000,(dyak_1:10.000000,dere_1:10.000000)1:3.000000)1:31.000000,dana_1:44.000000)1:11.000000,(dpse_1:1.000000,dper_1:1.000000)1:54.000000)1:7.000000,dwil_1:62.000000)1:1.000000,((dmoj_1:31.000000,dvir_0:31.000000)0:12.000000,dgri_0:43.000000)0:20.000000)0:187.000000,agam_0:250.000000)0:10.000000,bmor_0:260.000000)0:20.000000,tcas_1:280.000000)0:20.000000,amel_0:300.000000)0:50.000000,(phum_1:260.000000,apis_0:260.000000)0:90.000000)0;
		OG_38	(((((((((((dmel_1:5.000000,(dsec_1:1.000000,dsim_1:1.000000)1:4.000000)1:8.000000,(dyak_1:10.000000,dere_1:10.000000)1:3.000000)1:31.000000,dana_1:44.000000)1:11.000000,(dpse_0:1.000000,dper_0:1.000000)0:54.000000)0:7.000000,dwil_0:62.000000)0:1.000000,((dmoj_0:31.000000,dvir_0:31.000000)0:12.000000,dgri_0:43.000000)0:20.000000)0:187.000000,agam_0:250.000000)0:10.000000,bmor_0:260.000000)0:20.000000,tcas_0:280.000000)0:20.000000,amel_0:300.000000)0:50.000000,(phum_0:260.000000,apis_0:260.000000)0:90.000000)0;
		OG_39	(((((((((((dmel_0:5.000000,(dsec_0:1.000000,dsim_0:1.000000)0:4.000000)0:8.000000,(dyak_0:10.000000,dere_0:10.000000)0:3.000000)0:31.000000,dana_0:44.000000)0:11.000000,(dpse_0:1.000000,dper_0:1.000000)0:54.000000)0:7.000000,dwil_0:62.000000)0:1.000000,((dmoj_0:31.000000,dvir_0:31.000000)0:12.000000,dgri_0:43.000000)0:20.000000)0:187.000000,agam_1:250.000000)0:10.000000,bmor_0:260.000000)0:20.000000,tcas_0:280.000000)0:20.000000,amel_0:300.000000)0:50.000000,(phum_0:260.000000,apis_0:260.000000)0:90.000000)0;
		OG_4	(((((((((((dmel_1:5.000000,(dsec_1:1.000000,dsim_1:1.000000)1:4.000000)1:8.000000,(dyak_1:10.000000,dere_1:10.000000)1:3.000000)1:31.000000,dana_1:44.000000)1:11.000000,(dpse_1:1.000000,dper_1:1.000000)1:54.000000)1:7.000000,dwil_2:62.000000)1:1.000000,((dmoj_1:31.000000,dvir_1:31.000000)1:12.000000,dgri_1:43.000000)1:20.000000)1:187.000000,agam_3:250.000000)1:10.000000,bmor_0:260.000000)0:20.000000,tcas_0:280.000000)0:20.000000,amel_0:300.000000)0:50.000000,(phum_0:260.000000,apis_0:260.000000)0:90.000000)0;
		OG_40	(((((((((((dmel_3:5.000000,(dsec_3:1.000000,dsim_3:1.000000)3:4.000000)3:8.000000,(dyak_3:10.000000,dere_3:10.000000)3:3.000000)3:31.000000,dana_3:44.000000)3:11.000000,(dpse_3:1.000000,dper_3:1.000000)3:54.000000)3:7.000000,dwil_4:62.000000)3:1.000000,((dmoj_3:31.000000,dvir_3:31.000000)3:12.000000,dgri_4:43.000000)3:20.000000)3:187.000000,agam_4:250.000000)4:10.000000,bmor_2:260.000000)4:20.000000,tcas_3:280.000000)4:20.000000,amel_4:300.000000)4:50.000000,(phum_1:260.000000,apis_2:260.000000)2:90.000000)2;
		OG_41	(((((((((((dmel_0:5.000000,(dsec_0:1.000000,dsim_1:1.000000)0:4.000000)0:8.000000,(dyak_0:10.000000,dere_0:10.000000)0:3.000000)0:31.000000,dana_0:44.000000)0:11.000000,(dpse_0:1.000000,dper_0:1.000000)0:54.000000)0:7.000000,dwil_0:62.000000)0:1.000000,((dmoj_0:31.000000,dvir_0:31.000000)0:12.000000,dgri_0:43.000000)0:20.000000)0:187.000000,agam_0:250.000000)0:10.000000,bmor_0:260.000000)0:20.000000,tcas_0:280.000000)0:20.000000,amel_0:300.000000)0:50.000000,(phum_0:260.000000,apis_0:260.000000)0:90.000000)0;
		OG_42	(((((((((((dmel_1:5.000000,(dsec_1:1.000000,dsim_1:1.000000)1:4.000000)1:8.000000,(dyak_1:10.000000,dere_1:10.000000)1:3.000000)1:31.000000,dana_0:44.000000)0:11.000000,(dpse_1:1.000000,dper_1:1.000000)1:54.000000)0:7.000000,dwil_1:62.000000)0:1.000000,((dmoj_0:31.000000,dvir_0:31.000000)0:12.000000,dgri_0:43.000000)0:20.000000)0:187.000000,agam_0:250.000000)0:10.000000,bmor_0:260.000000)0:20.000000,tcas_0:280.000000)0:20.000000,amel_0:300.000000)0:50.000000,(phum_0:260.000000,apis_0:260.000000)0:90.000000)0;
		OG_43	(((((((((((dmel_0:5.000000,(dsec_0:1.000000,dsim_0:1.000000)0:4.000000)0:8.000000,(dyak_0:10.000000,dere_0:10.000000)0:3.000000)0:31.000000,dana_0:44.000000)0:11.000000,(dpse_0:1.000000,dper_0:1.000000)0:54.000000)0:7.000000,dwil_0:62.000000)0:1.000000,((dmoj_0:31.000000,dvir_0:31.000000)0:12.000000,dgri_0:43.000000)0:20.000000)0:187.000000,agam_0:250.000000)0:10.000000,bmor_1:260.000000)0:20.000000,tcas_0:280.000000)0:20.000000,amel_0:300.000000)0:50.000000,(phum_0:260.000000,apis_0:260.000000)0:90.000000)0;
		OG_44	(((((((((((dmel_1:5.000000,(dsec_1:1.000000,dsim_1:1.000000)1:4.000000)1:8.000000,(dyak_1:10.000000,dere_1:10.000000)1:3.000000)1:31.000000,dana_1:44.000000)1:11.000000,(dpse_1:1.000000,dper_1:1.000000)1:54.000000)1:7.000000,dwil_1:62.000000)1:1.000000,((dmoj_1:31.000000,dvir_1:31.000000)1:12.000000,dgri_1:43.000000)1:20.000000)1:187.000000,agam_1:250.000000)1:10.000000,bmor_1:260.000000)1:20.000000,tcas_1:280.000000)1:20.000000,amel_0:300.000000)1:50.000000,(phum_1:260.000000,apis_1:260.000000)1:90.000000)1;
		OG_45	(((((((((((dmel_1:5.000000,(dsec_1:1.000000,dsim_1:1.000000)1:4.000000)1:8.000000,(dyak_1:10.000000,dere_1:10.000000)1:3.000000)1:31.000000,dana_1:44.000000)1:11.000000,(dpse_1:1.000000,dper_1:1.000000)1:54.000000)1:7.000000,dwil_1:62.000000)1:1.000000,((dmoj_0:31.000000,dvir_1:31.000000)1:12.000000,dgri_1:43.000000)1:20.000000)1:187.000000,agam_0:250.000000)0:10.000000,bmor_0:260.000000)0:20.000000,tcas_0:280.000000)0:20.000000,amel_0:300.000000)0:50.000000,(phum_0:260.000000,apis_0:260.000000)0:90.000000)0;
		OG_46	(((((((((((dmel_0:5.000000,(dsec_0:1.000000,dsim_0:1.000000)0:4.000000)0:8.000000,(dyak_0:10.000000,dere_0:10.000000)0:3.000000)0:31.000000,dana_0:44.000000)0:11.000000,(dpse_0:1.000000,dper_0:1.000000)0:54.000000)0:7.000000,dwil_2:62.000000)0:1.000000,((dmoj_0:31.000000,dvir_0:31.000000)0:12.000000,dgri_0:43.000000)0:20.000000)0:187.000000,agam_0:250.000000)0:10.000000,bmor_0:260.000000)0:20.000000,tcas_0:280.000000)0:20.000000,amel_0:300.000000)0:50.000000,(phum_0:260.000000,apis_0:260.000000)0:90.000000)0;
		OG_47	(((((((((((dmel_0:5.000000,(dsec_0:1.000000,dsim_0:1.000000)0:4.000000)0:8.000000,(dyak_0:10.000000,dere_0:10.000000)0:3.000000)0:31.000000,dana_0:44.000000)0:11.000000,(dpse_0:1.000000,dper_0:1.000000)0:54.000000)0:7.000000,dwil_0:62.000000)0:1.000000,((dmoj_1:31.000000,dvir_0:31.000000)0:12.000000,dgri_0:43.000000)0:20.000000)0:187.000000,agam_0:250.000000)0:10.000000,bmor_0:260.000000)0:20.000000,tcas_0:280.000000)0:20.000000,amel_0:300.000000)0:50.000000,(phum_0:260.000000,apis_0:260.000000)0:90.000000)0;
		OG_48	(((((((((((dmel_0:5.000000,(dsec_0:1.000000,dsim_0:1.000000)0:4.000000)0:8.000000,(dyak_0:10.000000,dere_0:10.000000)0:3.000000)0:31.000000,dana_0:44.000000)0:11.000000,(dpse_0:1.000000,dper_0:1.000000)0:54.000000)0:7.000000,dwil_0:62.000000)0:1.000000,((dmoj_0:31.000000,dvir_0:31.000000)0:12.000000,dgri_0:43.000000)0:20.000000)0:187.000000,agam_2:250.000000)0:10.000000,bmor_0:260.000000)0:20.000000,tcas_0:280.000000)0:20.000000,amel_0:300.000000)0:50.000000,(phum_0:260.000000,apis_0:260.000000)0:90.000000)0;
		OG_49	(((((((((((dmel_1:5.000000,(dsec_1:1.000000,dsim_1:1.000000)1:4.000000)1:8.000000,(dyak_1:10.000000,dere_1:10.000000)1:3.000000)1:31.000000,dana_1:44.000000)1:11.000000,(dpse_1:1.000000,dper_1:1.000000)1:54.000000)1:7.000000,dwil_1:62.000000)1:1.000000,((dmoj_1:31.000000,dvir_1:31.000000)1:12.000000,dgri_1:43.000000)1:20.000000)1:187.000000,agam_0:250.000000)0:10.000000,bmor_0:260.000000)0:20.000000,tcas_0:280.000000)0:20.000000,amel_0:300.000000)0:50.000000,(phum_0:260.000000,apis_0:260.000000)0:90.000000)0;
		OG_5	(((((((((((dmel_0:5.000000,(dsec_0:1.000000,dsim_0:1.000000)0:4.000000)0:8.000000,(dyak_0:10.000000,dere_0:10.000000)0:3.000000)0:31.000000,dana_0:44.000000)0:11.000000,(dpse_0:1.000000,dper_0:1.000000)0:54.000000)0:7.000000,dwil_0:62.000000)0:1.000000,((dmoj_0:31.000000,dvir_0:31.000000)0:12.000000,dgri_0:43.000000)0:20.000000)0:187.000000,agam_2:250.000000)0:10.000000,bmor_0:260.000000)0:20.000000,tcas_1:280.000000)0:20.000000,amel_0:300.000000)0:50.000000,(phum_0:260.000000,apis_1:260.000000)0:90.000000)0;
		OG_50	(((((((((((dmel_0:5.000000,(dsec_0:1.000000,dsim_0:1.000000)0:4.000000)0:8.000000,(dyak_0:10.000000,dere_0:10.000000)0:3.000000)0:31.000000,dana_0:44.000000)0:11.000000,(dpse_0:1.000000,dper_0:1.000000)0:54.000000)0:7.000000,dwil_0:62.000000)0:1.000000,((dmoj_0:31.000000,dvir_0:31.000000)0:12.000000,dgri_0:43.000000)0:20.000000)0:187.000000,agam_20:250.000000)0:10.000000,bmor_0:260.000000)0:20.000000,tcas_0:280.000000)0:20.000000,amel_0:300.000000)0:50.000000,(phum_0:260.000000,apis_0:260.000000)0:90.000000)0;
		OG_51	(((((((((((dmel_1:5.000000,(dsec_1:1.000000,dsim_1:1.000000)1:4.000000)1:8.000000,(dyak_1:10.000000,dere_1:10.000000)1:3.000000)1:31.000000,dana_1:44.000000)1:11.000000,(dpse_1:1.000000,dper_1:1.000000)1:54.000000)1:7.000000,dwil_1:62.000000)1:1.000000,((dmoj_1:31.000000,dvir_1:31.000000)1:12.000000,dgri_1:43.000000)1:20.000000)1:187.000000,agam_0:250.000000)0:10.000000,bmor_0:260.000000)0:20.000000,tcas_0:280.000000)0:20.000000,amel_0:300.000000)0:50.000000,(phum_0:260.000000,apis_0:260.000000)0:90.000000)0;
		OG_52	(((((((((((dmel_1:5.000000,(dsec_1:1.000000,dsim_1:1.000000)1:4.000000)1:8.000000,(dyak_1:10.000000,dere_1:10.000000)1:3.000000)1:31.000000,dana_1:44.000000)1:11.000000,(dpse_1:1.000000,dper_1:1.000000)1:54.000000)1:7.000000,dwil_1:62.000000)1:1.000000,((dmoj_1:31.000000,dvir_1:31.000000)1:12.000000,dgri_1:43.000000)1:20.000000)1:187.000000,agam_1:250.000000)1:10.000000,bmor_1:260.000000)1:20.000000,tcas_0:280.000000)0:20.000000,amel_0:300.000000)0:50.000000,(phum_0:260.000000,apis_0:260.000000)0:90.000000)0;
		OG_53	(((((((((((dmel_0:5.000000,(dsec_0:1.000000,dsim_0:1.000000)0:4.000000)0:8.000000,(dyak_0:10.000000,dere_0:10.000000)0:3.000000)0:31.000000,dana_0:44.000000)0:11.000000,(dpse_0:1.000000,dper_0:1.000000)0:54.000000)0:7.000000,dwil_0:62.000000)0:1.000000,((dmoj_0:31.000000,dvir_0:31.000000)0:12.000000,dgri_0:43.000000)0:20.000000)0:187.000000,agam_1:250.000000)0:10.000000,bmor_0:260.000000)0:20.000000,tcas_0:280.000000)0:20.000000,amel_0:300.000000)0:50.000000,(phum_0:260.000000,apis_0:260.000000)0:90.000000)0;
		OG_54	(((((((((((dmel_0:5.000000,(dsec_0:1.000000,dsim_0:1.000000)0:4.000000)0:8.000000,(dyak_0:10.000000,dere_0:10.000000)0:3.000000)0:31.000000,dana_0:44.000000)0:11.000000,(dpse_0:1.000000,dper_0:1.000000)0:54.000000)0:7.000000,dwil_1:62.000000)0:1.000000,((dmoj_0:31.000000,dvir_0:31.000000)0:12.000000,dgri_0:43.000000)0:20.000000)0:187.000000,agam_0:250.000000)0:10.000000,bmor_2:260.000000)0:20.000000,tcas_0:280.000000)0:20.000000,amel_0:300.000000)0:50.000000,(phum_0:260.000000,apis_0:260.000000)0:90.000000)0;
		OG_55	(((((((((((dmel_1:5.000000,(dsec_1:1.000000,dsim_1:1.000000)1:4.000000)1:8.000000,(dyak_1:10.000000,dere_1:10.000000)1:3.000000)1:31.000000,dana_1:44.000000)1:11.000000,(dpse_1:1.000000,dper_1:1.000000)1:54.000000)1:7.000000,dwil_1:62.000000)1:1.000000,((dmoj_1:31.000000,dvir_1:31.000000)1:12.000000,dgri_1:43.000000)1:20.000000)1:187.000000,agam_2:250.000000)1:10.000000,bmor_8:260.000000)0:20.000000,tcas_0:280.000000)0:20.000000,amel_0:300.000000)0:50.000000,(phum_0:260.000000,apis_0:260.000000)0:90.000000)0;
		OG_56	(((((((((((dmel_0:5.000000,(dsec_0:1.000000,dsim_0:1.000000)0:4.000000)0:8.000000,(dyak_0:10.000000,dere_0:10.000000)0:3.000000)0:31.000000,dana_0:44.000000)0:11.000000,(dpse_0:1.000000,dper_0:1.000000)0:54.000000)0:7.000000,dwil_2:62.000000)0:1.000000,((dmoj_0:31.000000,dvir_0:31.000000)0:12.000000,dgri_0:43.000000)0:20.000000)0:187.000000,agam_6:250.000000)0:10.000000,bmor_0:260.000000)0:20.000000,tcas_0:280.000000)0:20.000000,amel_0:300.000000)0:50.000000,(phum_0:260.000000,apis_0:260.000000)0:90.000000)0;
		OG_57	(((((((((((dmel_1:5.000000,(dsec_1:1.000000,dsim_1:1.000000)1:4.000000)1:8.000000,(dyak_1:10.000000,dere_1:10.000000)1:3.000000)1:31.000000,dana_1:44.000000)0:11.000000,(dpse_0:1.000000,dper_0:1.000000)0:54.000000)0:7.000000,dwil_1:62.000000)0:1.000000,((dmoj_0:31.000000,dvir_0:31.000000)0:12.000000,dgri_0:43.000000)0:20.000000)0:187.000000,agam_0:250.000000)0:10.000000,bmor_0:260.000000)0:20.000000,tcas_0:280.000000)0:20.000000,amel_0:300.000000)0:50.000000,(phum_0:260.000000,apis_0:260.000000)0:90.000000)0;
		OG_58	(((((((((((dmel_0:5.000000,(dsec_0:1.000000,dsim_0:1.000000)0:4.000000)0:8.000000,(dyak_0:10.000000,dere_0:10.000000)0:3.000000)0:31.000000,dana_0:44.000000)0:11.000000,(dpse_0:1.000000,dper_0:1.000000)0:54.000000)0:7.000000,dwil_0:62.000000)0:1.000000,((dmoj_0:31.000000,dvir_0:31.000000)0:12.000000,dgri_0:43.000000)0:20.000000)0:187.000000,agam_0:250.000000)0:10.000000,bmor_2:260.000000)0:20.000000,tcas_0:280.000000)0:20.000000,amel_0:300.000000)0:50.000000,(phum_0:260.000000,apis_0:260.000000)0:90.000000)0;
		OG_59	(((((((((((dmel_1:5.000000,(dsec_1:1.000000,dsim_1:1.000000)1:4.000000)1:8.000000,(dyak_1:10.000000,dere_1:10.000000)1:3.000000)1:31.000000,dana_2:44.000000)1:11.000000,(dpse_1:1.000000,dper_1:1.000000)1:54.000000)1:7.000000,dwil_1:62.000000)1:1.000000,((dmoj_2:31.000000,dvir_2:31.000000)2:12.000000,dgri_2:43.000000)2:20.000000)1:187.000000,agam_0:250.000000)0:10.000000,bmor_0:260.000000)0:20.000000,tcas_0:280.000000)0:20.000000,amel_0:300.000000)0:50.000000,(phum_0:260.000000,apis_0:260.000000)0:90.000000)0;
		OG_6	(((((((((((dmel_1:5.000000,(dsec_1:1.000000,dsim_1:1.000000)1:4.000000)1:8.000000,(dyak_1:10.000000,dere_1:10.000000)1:3.000000)1:31.000000,dana_1:44.000000)1:11.000000,(dpse_1:1.000000,dper_1:1.000000)1:54.000000)1:7.000000,dwil_1:62.000000)1:1.000000,((dmoj_1:31.000000,dvir_1:31.000000)1:12.000000,dgri_1:43.000000)1:20.000000)1:187.000000,agam_3:250.000000)1:10.000000,bmor_0:260.000000)1:20.000000,tcas_0:280.000000)0:20.000000,amel_0:300.000000)0:50.000000,(phum_1:260.000000,apis_0:260.000000)1:90.000000)0;
		OG_60	(((((((((((dmel_1:5.000000,(dsec_1:1.000000,dsim_1:1.000000)1:4.000000)1:8.000000,(dyak_1:10.000000,dere_1:10.000000)1:3.000000)1:31.000000,dana_1:44.000000)1:11.000000,(dpse_1:1.000000,dper_1:1.000000)1:54.000000)1:7.000000,dwil_1:62.000000)1:1.000000,((dmoj_1:31.000000,dvir_1:31.000000)1:12.000000,dgri_1:43.000000)1:20.000000)1:187.000000,agam_1:250.000000)1:10.000000,bmor_0:260.000000)0:20.000000,tcas_0:280.000000)0:20.000000,amel_0:300.000000)0:50.000000,(phum_0:260.000000,apis_0:260.000000)0:90.000000)0;
		OG_61	(((((((((((dmel_0:5.000000,(dsec_0:1.000000,dsim_0:1.000000)0:4.000000)0:8.000000,(dyak_0:10.000000,dere_0:10.000000)0:3.000000)0:31.000000,dana_0:44.000000)0:11.000000,(dpse_0:1.000000,dper_0:1.000000)0:54.000000)0:7.000000,dwil_0:62.000000)0:1.000000,((dmoj_0:31.000000,dvir_0:31.000000)0:12.000000,dgri_0:43.000000)0:20.000000)0:187.000000,agam_0:250.000000)0:10.000000,bmor_1:260.000000)0:20.000000,tcas_0:280.000000)0:20.000000,amel_0:300.000000)0:50.000000,(phum_0:260.000000,apis_0:260.000000)0:90.000000)0;
		OG_62	(((((((((((dmel_0:5.000000,(dsec_0:1.000000,dsim_0:1.000000)0:4.000000)0:8.000000,(dyak_0:10.000000,dere_0:10.000000)0:3.000000)0:31.000000,dana_0:44.000000)0:11.000000,(dpse_0:1.000000,dper_0:1.000000)0:54.000000)0:7.000000,dwil_0:62.000000)0:1.000000,((dmoj_0:31.000000,dvir_0:31.000000)0:12.000000,dgri_0:43.000000)0:20.000000)0:187.000000,agam_0:250.000000)0:10.000000,bmor_0:260.000000)0:20.000000,tcas_0:280.000000)0:20.000000,amel_0:300.000000)0:50.000000,(phum_0:260.000000,apis_3:260.000000)0:90.000000)0;
		OG_63	(((((((((((dmel_0:5.000000,(dsec_0:1.000000,dsim_0:1.000000)0:4.000000)0:8.000000,(dyak_0:10.000000,dere_0:10.000000)0:3.000000)0:31.000000,dana_0:44.000000)0:11.000000,(dpse_0:1.000000,dper_0:1.000000)0:54.000000)0:7.000000,dwil_0:62.000000)0:1.000000,((dmoj_0:31.000000,dvir_0:31.000000)0:12.000000,dgri_0:43.000000)0:20.000000)0:187.000000,agam_0:250.000000)0:10.000000,bmor_0:260.000000)0:20.000000,tcas_3:280.000000)0:20.000000,amel_0:300.000000)0:50.000000,(phum_0:260.000000,apis_0:260.000000)0:90.000000)0;
		OG_64	(((((((((((dmel_1:5.000000,(dsec_1:1.000000,dsim_1:1.000000)1:4.000000)1:8.000000,(dyak_1:10.000000,dere_1:10.000000)1:3.000000)1:31.000000,dana_1:44.000000)1:11.000000,(dpse_1:1.000000,dper_1:1.000000)1:54.000000)1:7.000000,dwil_1:62.000000)1:1.000000,((dmoj_1:31.000000,dvir_1:31.000000)1:12.000000,dgri_3:43.000000)1:20.000000)1:187.000000,agam_3:250.000000)1:10.000000,bmor_0:260.000000)0:20.000000,tcas_0:280.000000)0:20.000000,amel_0:300.000000)0:50.000000,(phum_0:260.000000,apis_0:260.000000)0:90.000000)0;
		OG_65	(((((((((((dmel_0:5.000000,(dsec_0:1.000000,dsim_0:1.000000)0:4.000000)0:8.000000,(dyak_0:10.000000,dere_0:10.000000)0:3.000000)0:31.000000,dana_0:44.000000)0:11.000000,(dpse_0:1.000000,dper_0:1.000000)0:54.000000)0:7.000000,dwil_0:62.000000)0:1.000000,((dmoj_0:31.000000,dvir_0:31.000000)0:12.000000,dgri_0:43.000000)0:20.000000)0:187.000000,agam_0:250.000000)0:10.000000,bmor_1:260.000000)0:20.000000,tcas_0:280.000000)0:20.000000,amel_0:300.000000)0:50.000000,(phum_0:260.000000,apis_0:260.000000)0:90.000000)0;
		OG_66	(((((((((((dmel_1:5.000000,(dsec_1:1.000000,dsim_1:1.000000)1:4.000000)1:8.000000,(dyak_1:10.000000,dere_1:10.000000)1:3.000000)1:31.000000,dana_1:44.000000)1:11.000000,(dpse_1:1.000000,dper_1:1.000000)1:54.000000)1:7.000000,dwil_1:62.000000)1:1.000000,((dmoj_1:31.000000,dvir_1:31.000000)1:12.000000,dgri_1:43.000000)1:20.000000)1:187.000000,agam_0:250.000000)0:10.000000,bmor_0:260.000000)0:20.000000,tcas_0:280.000000)0:20.000000,amel_0:300.000000)0:50.000000,(phum_0:260.000000,apis_0:260.000000)0:90.000000)0;
		OG_67	(((((((((((dmel_1:5.000000,(dsec_1:1.000000,dsim_1:1.000000)1:4.000000)1:8.000000,(dyak_1:10.000000,dere_1:10.000000)1:3.000000)1:31.000000,dana_1:44.000000)1:11.000000,(dpse_1:1.000000,dper_1:1.000000)1:54.000000)1:7.000000,dwil_1:62.000000)1:1.000000,((dmoj_0:31.000000,dvir_0:31.000000)0:12.000000,dgri_0:43.000000)0:20.000000)0:187.000000,agam_0:250.000000)0:10.000000,bmor_0:260.000000)0:20.000000,tcas_0:280.000000)0:20.000000,amel_0:300.000000)0:50.000000,(phum_0:260.000000,apis_0:260.000000)0:90.000000)0;
		OG_68	(((((((((((dmel_0:5.000000,(dsec_0:1.000000,dsim_0:1.000000)0:4.000000)0:8.000000,(dyak_0:10.000000,dere_0:10.000000)0:3.000000)0:31.000000,dana_0:44.000000)0:11.000000,(dpse_0:1.000000,dper_0:1.000000)0:54.000000)0:7.000000,dwil_0:62.000000)0:1.000000,((dmoj_0:31.000000,dvir_0:31.000000)0:12.000000,dgri_0:43.000000)0:20.000000)0:187.000000,agam_0:250.000000)0:10.000000,bmor_0:260.000000)0:20.000000,tcas_1:280.000000)0:20.000000,amel_0:300.000000)0:50.000000,(phum_0:260.000000,apis_0:260.000000)0:90.000000)0;
		OG_69	(((((((((((dmel_0:5.000000,(dsec_0:1.000000,dsim_0:1.000000)0:4.000000)0:8.000000,(dyak_0:10.000000,dere_0:10.000000)0:3.000000)0:31.000000,dana_0:44.000000)0:11.000000,(dpse_0:1.000000,dper_0:1.000000)0:54.000000)0:7.000000,dwil_0:62.000000)0:1.000000,((dmoj_0:31.000000,dvir_0:31.000000)0:12.000000,dgri_0:43.000000)0:20.000000)0:187.000000,agam_0:250.000000)0:10.000000,bmor_0:260.000000)0:20.000000,tcas_1:280.000000)0:20.000000,amel_0:300.000000)0:50.000000,(phum_0:260.000000,apis_0:260.000000)0:90.000000)0;
		OG_7	(((((((((((dmel_1:5.000000,(dsec_1:1.000000,dsim_1:1.000000)1:4.000000)1:8.000000,(dyak_1:10.000000,dere_1:10.000000)1:3.000000)1:31.000000,dana_1:44.000000)1:11.000000,(dpse_1:1.000000,dper_1:1.000000)1:54.000000)1:7.000000,dwil_1:62.000000)1:1.000000,((dmoj_1:31.000000,dvir_1:31.000000)1:12.000000,dgri_1:43.000000)1:20.000000)1:187.000000,agam_0:250.000000)0:10.000000,bmor_0:260.000000)0:20.000000,tcas_0:280.000000)0:20.000000,amel_0:300.000000)0:50.000000,(phum_0:260.000000,apis_0:260.000000)0:90.000000)0;
		OG_70	(((((((((((dmel_1:5.000000,(dsec_1:1.000000,dsim_1:1.000000)1:4.000000)1:8.000000,(dyak_1:10.000000,dere_1:10.000000)1:3.000000)1:31.000000,dana_0:44.000000)0:11.000000,(dpse_0:1.000000,dper_0:1.000000)0:54.000000)0:7.000000,dwil_0:62.000000)0:1.000000,((dmoj_0:31.000000,dvir_0:31.000000)0:12.000000,dgri_0:43.000000)0:20.000000)0:187.000000,agam_0:250.000000)0:10.000000,bmor_0:260.000000)0:20.000000,tcas_0:280.000000)0:20.000000,amel_0:300.000000)0:50.000000,(phum_0:260.000000,apis_0:260.000000)0:90.000000)0;
		OG_71	(((((((((((dmel_0:5.000000,(dsec_0:1.000000,dsim_0:1.000000)0:4.000000)0:8.000000,(dyak_0:10.000000,dere_0:10.000000)0:3.000000)0:31.000000,dana_0:44.000000)0:11.000000,(dpse_0:1.000000,dper_0:1.000000)0:54.000000)0:7.000000,dwil_0:62.000000)0:1.000000,((dmoj_0:31.000000,dvir_0:31.000000)0:12.000000,dgri_0:43.000000)0:20.000000)0:187.000000,agam_0:250.000000)0:10.000000,bmor_0:260.000000)0:20.000000,tcas_0:280.000000)0:20.000000,amel_0:300.000000)0:50.000000,(phum_0:260.000000,apis_5:260.000000)0:90.000000)0;
		OG_72	(((((((((((dmel_1:5.000000,(dsec_1:1.000000,dsim_1:1.000000)1:4.000000)1:8.000000,(dyak_1:10.000000,dere_1:10.000000)1:3.000000)1:31.000000,dana_0:44.000000)1:11.000000,(dpse_1:1.000000,dper_1:1.000000)1:54.000000)1:7.000000,dwil_1:62.000000)1:1.000000,((dmoj_1:31.000000,dvir_1:31.000000)1:12.000000,dgri_0:43.000000)1:20.000000)1:187.000000,agam_0:250.000000)0:10.000000,bmor_0:260.000000)0:20.000000,tcas_0:280.000000)0:20.000000,amel_0:300.000000)0:50.000000,(phum_0:260.000000,apis_0:260.000000)0:90.000000)0;
		OG_73	(((((((((((dmel_0:5.000000,(dsec_0:1.000000,dsim_0:1.000000)0:4.000000)0:8.000000,(dyak_0:10.000000,dere_0:10.000000)0:3.000000)0:31.000000,dana_0:44.000000)0:11.000000,(dpse_0:1.000000,dper_0:1.000000)0:54.000000)0:7.000000,dwil_0:62.000000)0:1.000000,((dmoj_0:31.000000,dvir_0:31.000000)0:12.000000,dgri_0:43.000000)0:20.000000)0:187.000000,agam_0:250.000000)0:10.000000,bmor_0:260.000000)0:20.000000,tcas_4:280.000000)0:20.000000,amel_0:300.000000)0:50.000000,(phum_0:260.000000,apis_0:260.000000)0:90.000000)0;
		OG_74	(((((((((((dmel_0:5.000000,(dsec_0:1.000000,dsim_0:1.000000)0:4.000000)0:8.000000,(dyak_0:10.000000,dere_0:10.000000)0:3.000000)0:31.000000,dana_0:44.000000)0:11.000000,(dpse_0:1.000000,dper_0:1.000000)0:54.000000)0:7.000000,dwil_0:62.000000)0:1.000000,((dmoj_0:31.000000,dvir_0:31.000000)0:12.000000,dgri_0:43.000000)0:20.000000)0:187.000000,agam_0:250.000000)0:10.000000,bmor_1:260.000000)0:20.000000,tcas_1:280.000000)0:20.000000,amel_8:300.000000)0:50.000000,(phum_0:260.000000,apis_0:260.000000)0:90.000000)0;
		OG_75	(((((((((((dmel_0:5.000000,(dsec_0:1.000000,dsim_0:1.000000)0:4.000000)0:8.000000,(dyak_0:10.000000,dere_0:10.000000)0:3.000000)0:31.000000,dana_0:44.000000)0:11.000000,(dpse_0:1.000000,dper_0:1.000000)0:54.000000)0:7.000000,dwil_6:62.000000)0:1.000000,((dmoj_1:31.000000,dvir_0:31.000000)0:12.000000,dgri_0:43.000000)0:20.000000)0:187.000000,agam_0:250.000000)0:10.000000,bmor_0:260.000000)0:20.000000,tcas_0:280.000000)0:20.000000,amel_0:300.000000)0:50.000000,(phum_0:260.000000,apis_0:260.000000)0:90.000000)0;
		OG_76	(((((((((((dmel_1:5.000000,(dsec_1:1.000000,dsim_1:1.000000)1:4.000000)1:8.000000,(dyak_1:10.000000,dere_1:10.000000)1:3.000000)1:31.000000,dana_0:44.000000)0:11.000000,(dpse_0:1.000000,dper_0:1.000000)0:54.000000)0:7.000000,dwil_0:62.000000)0:1.000000,((dmoj_0:31.000000,dvir_0:31.000000)0:12.000000,dgri_0:43.000000)0:20.000000)0:187.000000,agam_0:250.000000)0:10.000000,bmor_0:260.000000)0:20.000000,tcas_0:280.000000)0:20.000000,amel_0:300.000000)0:50.000000,(phum_0:260.000000,apis_0:260.000000)0:90.000000)0;
		OG_77	(((((((((((dmel_0:5.000000,(dsec_0:1.000000,dsim_0:1.000000)0:4.000000)0:8.000000,(dyak_0:10.000000,dere_0:10.000000)0:3.000000)0:31.000000,dana_0:44.000000)0:11.000000,(dpse_0:1.000000,dper_0:1.000000)0:54.000000)0:7.000000,dwil_0:62.000000)0:1.000000,((dmoj_0:31.000000,dvir_0:31.000000)0:12.000000,dgri_0:43.000000)0:20.000000)0:187.000000,agam_5:250.000000)0:10.000000,bmor_0:260.000000)0:20.000000,tcas_0:280.000000)0:20.000000,amel_0:300.000000)0:50.000000,(phum_0:260.000000,apis_0:260.000000)0:90.000000)0;
		OG_78	(((((((((((dmel_0:5.000000,(dsec_0:1.000000,dsim_0:1.000000)0:4.000000)0:8.000000,(dyak_0:10.000000,dere_0:10.000000)0:3.000000)0:31.000000,dana_0:44.000000)0:11.000000,(dpse_0:1.000000,dper_0:1.000000)0:54.000000)0:7.000000,dwil_0:62.000000)0:1.000000,((dmoj_0:31.000000,dvir_0:31.000000)0:12.000000,dgri_0:43.000000)0:20.000000)0:187.000000,agam_0:250.000000)0:10.000000,bmor_3:260.000000)0:20.000000,tcas_1:280.000000)0:20.000000,amel_0:300.000000)0:50.000000,(phum_0:260.000000,apis_0:260.000000)0:90.000000)0;
		OG_79	(((((((((((dmel_1:5.000000,(dsec_1:1.000000,dsim_1:1.000000)1:4.000000)1:8.000000,(dyak_1:10.000000,dere_1:10.000000)1:3.000000)1:31.000000,dana_1:44.000000)1:11.000000,(dpse_1:1.000000,dper_1:1.000000)1:54.000000)1:7.000000,dwil_1:62.000000)1:1.000000,((dmoj_1:31.000000,dvir_1:31.000000)1:12.000000,dgri_1:43.000000)1:20.000000)1:187.000000,agam_0:250.000000)0:10.000000,bmor_0:260.000000)0:20.000000,tcas_0:280.000000)0:20.000000,amel_0:300.000000)0:50.000000,(phum_0:260.000000,apis_0:260.000000)0:90.000000)0;
		OG_8	(((((((((((dmel_1:5.000000,(dsec_1:1.000000,dsim_1:1.000000)1:4.000000)1:8.000000,(dyak_1:10.000000,dere_0:10.000000)1:3.000000)1:31.000000,dana_1:44.000000)1:11.000000,(dpse_1:1.000000,dper_1:1.000000)1:54.000000)1:7.000000,dwil_1:62.000000)1:1.000000,((dmoj_1:31.000000,dvir_1:31.000000)1:12.000000,dgri_1:43.000000)1:20.000000)1:187.000000,agam_0:250.000000)0:10.000000,bmor_0:260.000000)0:20.000000,tcas_0:280.000000)0:20.000000,amel_0:300.000000)0:50.000000,(phum_0:260.000000,apis_0:260.000000)0:90.000000)0;
		OG_80	(((((((((((dmel_0:5.000000,(dsec_0:1.000000,dsim_0:1.000000)0:4.000000)0:8.000000,(dyak_0:10.000000,dere_0:10.000000)0:3.000000)0:31.000000,dana_0:44.000000)0:11.000000,(dpse_0:1.000000,dper_0:1.000000)0:54.000000)0:7.000000,dwil_0:62.000000)0:1.000000,((dmoj_0:31.000000,dvir_0:31.000000)0:12.000000,dgri_0:43.000000)0:20.000000)0:187.000000,agam_0:250.000000)0:10.000000,bmor_0:260.000000)0:20.000000,tcas_0:280.000000)0:20.000000,amel_3:300.000000)0:50.000000,(phum_0:260.000000,apis_0:260.000000)0:90.000000)0;
		OG_81	(((((((((((dmel_0:5.000000,(dsec_0:1.000000,dsim_0:1.000000)0:4.000000)0:8.000000,(dyak_0:10.000000,dere_0:10.000000)0:3.000000)0:31.000000,dana_0:44.000000)0:11.000000,(dpse_0:1.000000,dper_0:1.000000)0:54.000000)0:7.000000,dwil_0:62.000000)0:1.000000,((dmoj_0:31.000000,dvir_0:31.000000)0:12.000000,dgri_0:43.000000)0:20.000000)0:187.000000,agam_0:250.000000)0:10.000000,bmor_0:260.000000)0:20.000000,tcas_0:280.000000)0:20.000000,amel_1:300.000000)0:50.000000,(phum_0:260.000000,apis_0:260.000000)0:90.000000)0;
		OG_82	(((((((((((dmel_0:5.000000,(dsec_0:1.000000,dsim_0:1.000000)0:4.000000)0:8.000000,(dyak_0:10.000000,dere_1:10.000000)0:3.000000)0:31.000000,dana_0:44.000000)0:11.000000,(dpse_0:1.000000,dper_0:1.000000)0:54.000000)0:7.000000,dwil_0:62.000000)0:1.000000,((dmoj_0:31.000000,dvir_0:31.000000)0:12.000000,dgri_0:43.000000)0:20.000000)0:187.000000,agam_0:250.000000)0:10.000000,bmor_0:260.000000)0:20.000000,tcas_0:280.000000)0:20.000000,amel_0:300.000000)0:50.000000,(phum_0:260.000000,apis_0:260.000000)0:90.000000)0;
		OG_83	(((((((((((dmel_1:5.000000,(dsec_1:1.000000,dsim_1:1.000000)1:4.000000)1:8.000000,(dyak_1:10.000000,dere_1:10.000000)1:3.000000)1:31.000000,dana_0:44.000000)1:11.000000,(dpse_1:1.000000,dper_1:1.000000)1:54.000000)1:7.000000,dwil_1:62.000000)1:1.000000,((dmoj_1:31.000000,dvir_1:31.000000)1:12.000000,dgri_1:43.000000)1:20.000000)1:187.000000,agam_2:250.000000)1:10.000000,bmor_1:260.000000)1:20.000000,tcas_1:280.000000)1:20.000000,amel_0:300.000000)1:50.000000,(phum_1:260.000000,apis_1:260.000000)1:90.000000)1;
		OG_84	(((((((((((dmel_1:5.000000,(dsec_0:1.000000,dsim_1:1.000000)0:4.000000)0:8.000000,(dyak_1:10.000000,dere_0:10.000000)0:3.000000)0:31.000000,dana_1:44.000000)0:11.000000,(dpse_0:1.000000,dper_0:1.000000)0:54.000000)0:7.000000,dwil_1:62.000000)0:1.000000,((dmoj_0:31.000000,dvir_0:31.000000)0:12.000000,dgri_1:43.000000)0:20.000000)0:187.000000,agam_0:250.000000)0:10.000000,bmor_0:260.000000)0:20.000000,tcas_0:280.000000)0:20.000000,amel_0:300.000000)0:50.000000,(phum_0:260.000000,apis_0:260.000000)0:90.000000)0;
		OG_85	(((((((((((dmel_1:5.000000,(dsec_1:1.000000,dsim_1:1.000000)1:4.000000)1:8.000000,(dyak_1:10.000000,dere_1:10.000000)1:3.000000)1:31.000000,dana_1:44.000000)1:11.000000,(dpse_1:1.000000,dper_1:1.000000)1:54.000000)1:7.000000,dwil_1:62.000000)1:1.000000,((dmoj_1:31.000000,dvir_1:31.000000)1:12.000000,dgri_1:43.000000)1:20.000000)1:187.000000,agam_0:250.000000)0:10.000000,bmor_0:260.000000)0:20.000000,tcas_0:280.000000)0:20.000000,amel_0:300.000000)0:50.000000,(phum_0:260.000000,apis_0:260.000000)0:90.000000)0;
		OG_9	(((((((((((dmel_1:5.000000,(dsec_1:1.000000,dsim_1:1.000000)1:4.000000)1:8.000000,(dyak_1:10.000000,dere_1:10.000000)1:3.000000)1:31.000000,dana_1:44.000000)1:11.000000,(dpse_1:1.000000,dper_1:1.000000)1:54.000000)1:7.000000,dwil_1:62.000000)1:1.000000,((dmoj_1:31.000000,dvir_1:31.000000)1:12.000000,dgri_3:43.000000)1:20.000000)1:187.000000,agam_0:250.000000)0:10.000000,bmor_2:260.000000)0:20.000000,tcas_0:280.000000)0:20.000000,amel_0:300.000000)0:50.000000,(phum_0:260.000000,apis_0:260.000000)0:90.000000)0;
		Total Ancestral Size	(((((((((((dmel_52:5.000000,(dsec_51:1.000000,dsim_53:1.000000)51:4.000000)51:8.000000,(dyak_55:10.000000,dere_50:10.000000)50:3.000000)50:31.000000,dana_50:44.000000)45:11.000000,(dpse_45:1.000000,dper_45:1.000000)45:54.000000)43:7.000000,dwil_62:62.000000)43:1.000000,((dmoj_43:31.000000,dvir_41:31.000000)41:12.000000,dgri_46:43.000000)41:20.000000)40:187.000000,agam_83:250.000000)22:10.000000,bmor_46:260.000000)16:20.000000,tcas_49:280.000000)10:20.000000,amel_21:300.000000)9:50.000000,(phum_5:260.000000,apis_18:260.000000)8:90.000000)7;

	##Minimum number of gains and losses per branch
		#Branch	Gains	Losses
		35->31	2	0
		31->29	1	0
		29->27	6	0
		27->25	7	1
		25->23	19	1
		23->17	3	0
		17->15	0	0
		15->11	2	0
		11->9	5	0
		9->5	1	0
		5->1	1	0
		5->4	0	0
		4->2	0	0
		4->3	2	0
		9->8	0	0
		8->6	5	0
		8->7	1	1
		11->10	7	2
		15->14	2	0
		14->12	0	0
		14->13	0	0
		17->16	19	0
		23->22	1	0
		22->20	0	0
		20->18	3	1
		20->19	0	0
		22->21	6	1
		25->24	62	1
		27->26	33	3
		29->28	40	1
		31->30	16	4
		35->34	1	0
		34->32	1	4
		34->33	11	1

	##Execution time (seconds): 133
END OUTPUT
